[2020-09-24 11:49:35.638] [info] Loaded model subject_scale_walk from file subject_walk_armless.osim
[2020-09-24 11:49:36.072] [info] ExternalLoads 'grf_walk' was renamed and is being reset to 'externalloads'.
[2020-09-24 11:49:36.435] [info] Storage: read data file = grf_walk.mot (nr=4778 nc=19)
[2020-09-24 11:49:36.561] [info] ExternalForce::Right_GRF Data source being set to subject11_noload_free_trial03_ground_reaction
[2020-09-24 11:49:36.562] [info] ExternalForce::Left_GRF Data source being set to subject11_noload_free_trial03_ground_reaction
[2020-09-24 11:49:36.579] [info] Storage: read data file = grf_walk.mot (nr=4778 nc=19)
[2020-09-24 11:49:36.699] [info] ExternalForce::Right_GRF Data source being set to subject11_noload_free_trial03_ground_reaction
[2020-09-24 11:49:36.699] [info] ExternalForce::Left_GRF Data source being set to subject11_noload_free_trial03_ground_reaction
[2020-09-24 11:49:45.189] [info] Storage: read data file = grf_walk.mot (nr=4778 nc=19)
[2020-09-24 11:49:45.473] [info] ExternalForce::Right_GRF Data source being set to subject11_noload_free_trial03_ground_reaction
[2020-09-24 11:49:45.473] [info] ExternalForce::Left_GRF Data source being set to subject11_noload_free_trial03_ground_reaction
[2020-09-24 11:49:45.521] [info] Storage: read data file = grf_walk.mot (nr=4778 nc=19)
[2020-09-24 11:49:45.631] [info] ExternalForce::Right_GRF Data source being set to subject11_noload_free_trial03_ground_reaction
[2020-09-24 11:49:45.631] [info] ExternalForce::Left_GRF Data source being set to subject11_noload_free_trial03_ground_reaction
[2020-09-24 11:49:45.642] [info] Adding reserve actuators with an optimal force of 1.0...
[2020-09-24 11:49:45.698] [info] Storage: read data file = grf_walk.mot (nr=4778 nc=19)
[2020-09-24 11:49:45.795] [info] ExternalForce::Right_GRF Data source being set to subject11_noload_free_trial03_ground_reaction
[2020-09-24 11:49:45.795] [info] ExternalForce::Left_GRF Data source being set to subject11_noload_free_trial03_ground_reaction
[2020-09-24 11:49:45.918] [info] Storage: read data file = grf_walk.mot (nr=4778 nc=19)
[2020-09-24 11:49:46.020] [info] ExternalForce::Right_GRF Data source being set to subject11_noload_free_trial03_ground_reaction
[2020-09-24 11:49:46.020] [info] ExternalForce::Left_GRF Data source being set to subject11_noload_free_trial03_ground_reaction
[2020-09-24 11:49:46.033] [info] Added 10 reserve actuator(s), for each of the following coordinates:
[2020-09-24 11:49:46.033] [info]   /jointset/hip_r/hip_flexion_r
[2020-09-24 11:49:46.033] [info]   /jointset/hip_r/hip_adduction_r
[2020-09-24 11:49:46.033] [info]   /jointset/hip_r/hip_rotation_r
[2020-09-24 11:49:46.033] [info]   /jointset/walker_knee_r/knee_angle_r
[2020-09-24 11:49:46.033] [info]   /jointset/ankle_r/ankle_angle_r
[2020-09-24 11:49:46.033] [info]   /jointset/hip_l/hip_flexion_l
[2020-09-24 11:49:46.033] [info]   /jointset/hip_l/hip_adduction_l
[2020-09-24 11:49:46.033] [info]   /jointset/hip_l/hip_rotation_l
[2020-09-24 11:49:46.033] [info]   /jointset/walker_knee_l/knee_angle_l
[2020-09-24 11:49:46.033] [info]   /jointset/ankle_l/ankle_angle_l
[2020-09-24 11:49:46.057] [info] Storage: read data file = grf_walk.mot (nr=4778 nc=19)
[2020-09-24 11:49:46.157] [info] ExternalForce::Right_GRF Data source being set to subject11_noload_free_trial03_ground_reaction
[2020-09-24 11:49:46.157] [info] ExternalForce::Left_GRF Data source being set to subject11_noload_free_trial03_ground_reaction
[2020-09-24 11:49:46.319] [info] Storage: read data file = grf_walk.mot (nr=4778 nc=19)
[2020-09-24 11:49:46.440] [info] ExternalForce::Right_GRF Data source being set to subject11_noload_free_trial03_ground_reaction
[2020-09-24 11:49:46.440] [info] ExternalForce::Left_GRF Data source being set to subject11_noload_free_trial03_ground_reaction
[2020-09-24 11:50:14.502] [info] Storage: read data file = grf_walk.mot (nr=4778 nc=19)
[2020-09-24 11:50:14.609] [info] ExternalForce::Right_GRF Data source being set to subject11_noload_free_trial03_ground_reaction
[2020-09-24 11:50:14.609] [info] ExternalForce::Left_GRF Data source being set to subject11_noload_free_trial03_ground_reaction
[2020-09-24 11:50:14.864] [error] Model unable to assemble: SimTK Exception thrown at Optimizer.h:133:
  Value out of range in  OptimizerSystem  Constructor: expected 1 <= number of parameters <= 2.14748e+09 but number of parameters=0..Model relaxing constraints and trying again.
[2020-09-24 11:50:14.869] [error] Model unable to assemble with relaxed constraints: SimTK Exception thrown at Optimizer.h:133:
  Value out of range in  OptimizerSystem  Constructor: expected 1 <= number of parameters <= 2.14748e+09 but number of parameters=0.
[2020-09-24 11:50:15.056] [info] Storage: read data file = grf_walk.mot (nr=4778 nc=19)
[2020-09-24 11:50:15.173] [info] ExternalForce::Right_GRF Data source being set to subject11_noload_free_trial03_ground_reaction
[2020-09-24 11:50:15.173] [info] ExternalForce::Left_GRF Data source being set to subject11_noload_free_trial03_ground_reaction
[2020-09-24 11:50:15.519] [info] Storage: read data file = grf_walk.mot (nr=4778 nc=19)
[2020-09-24 11:50:15.639] [info] ExternalForce::Right_GRF Data source being set to subject11_noload_free_trial03_ground_reaction
[2020-09-24 11:50:15.639] [info] ExternalForce::Left_GRF Data source being set to subject11_noload_free_trial03_ground_reaction
[2020-09-24 11:50:15.802] [info] Storage: read data file = grf_walk.mot (nr=4778 nc=19)
[2020-09-24 11:50:15.923] [info] ExternalForce::Right_GRF Data source being set to subject11_noload_free_trial03_ground_reaction
[2020-09-24 11:50:15.923] [info] ExternalForce::Left_GRF Data source being set to subject11_noload_free_trial03_ground_reaction
[2020-09-24 11:50:16.140] [info] Storage: read data file = grf_walk.mot (nr=4778 nc=19)
[2020-09-24 11:50:16.257] [info] ExternalForce::Right_GRF Data source being set to subject11_noload_free_trial03_ground_reaction
[2020-09-24 11:50:16.257] [info] ExternalForce::Left_GRF Data source being set to subject11_noload_free_trial03_ground_reaction
[2020-09-24 11:50:16.394] [info] Storage: read data file = grf_walk.mot (nr=4778 nc=19)
[2020-09-24 11:50:16.501] [info] ExternalForce::Right_GRF Data source being set to subject11_noload_free_trial03_ground_reaction
[2020-09-24 11:50:16.501] [info] ExternalForce::Left_GRF Data source being set to subject11_noload_free_trial03_ground_reaction
[2020-09-24 11:50:17.540] [info] Storage: read data file = grf_walk.mot (nr=4778 nc=19)
[2020-09-24 11:50:17.654] [info] ExternalForce::Right_GRF Data source being set to subject11_noload_free_trial03_ground_reaction
[2020-09-24 11:50:17.654] [info] ExternalForce::Left_GRF Data source being set to subject11_noload_free_trial03_ground_reaction
[2020-09-24 11:50:17.827] [info] Storage: read data file = grf_walk.mot (nr=4778 nc=19)
[2020-09-24 11:50:17.947] [info] ExternalForce::Right_GRF Data source being set to subject11_noload_free_trial03_ground_reaction
[2020-09-24 11:50:17.947] [info] ExternalForce::Left_GRF Data source being set to subject11_noload_free_trial03_ground_reaction
[2020-09-24 11:50:18.165] [info] Storage: read data file = grf_walk.mot (nr=4778 nc=19)
[2020-09-24 11:50:18.280] [info] ExternalForce::Right_GRF Data source being set to subject11_noload_free_trial03_ground_reaction
[2020-09-24 11:50:18.280] [info] ExternalForce::Left_GRF Data source being set to subject11_noload_free_trial03_ground_reaction
[2020-09-24 11:50:18.471] [info] Storage: read data file = grf_walk.mot (nr=4778 nc=19)
[2020-09-24 11:50:18.594] [info] ExternalForce::Right_GRF Data source being set to subject11_noload_free_trial03_ground_reaction
[2020-09-24 11:50:18.595] [info] ExternalForce::Left_GRF Data source being set to subject11_noload_free_trial03_ground_reaction
[2020-09-24 11:50:18.680] [info] ========================================================================
[2020-09-24 11:50:18.680] [info] MocoCasADiSolver starting.
[2020-09-24 11:50:18.680] [info] 9/24/2020 11:50:18 AM
[2020-09-24 11:50:18.680] [info] ------------------------------------------------------------------------
[2020-09-24 11:50:18.681] [cout] [info] Costs: (total: 1)
[2020-09-24 11:50:18.681] [cout] [info]   excitation_effort. MocoControlGoal, enabled: true, mode: cost, weight: 1.0
[2020-09-24 11:50:18.681] [cout] [info]         control: /forceset/tau_pelvis_tilt, weight: 1.0
[2020-09-24 11:50:18.681] [cout] [info]         control: /forceset/tau_pelvis_list, weight: 1.0
[2020-09-24 11:50:18.681] [cout] [info]         control: /forceset/tau_pelvis_rotation, weight: 1.0
[2020-09-24 11:50:18.681] [cout] [info]         control: /forceset/tau_pelvis_tx, weight: 1.0
[2020-09-24 11:50:18.681] [cout] [info]         control: /forceset/tau_pelvis_ty, weight: 1.0
[2020-09-24 11:50:18.681] [cout] [info]         control: /forceset/tau_pelvis_tz, weight: 1.0
[2020-09-24 11:50:18.681] [cout] [info]         control: /forceset/addbrev_r, weight: 1.0
[2020-09-24 11:50:18.681] [cout] [info]         control: /forceset/addlong_r, weight: 1.0
[2020-09-24 11:50:18.681] [cout] [info]         control: /forceset/addmagDist_r, weight: 1.0
[2020-09-24 11:50:18.681] [cout] [info]         control: /forceset/addmagIsch_r, weight: 1.0
[2020-09-24 11:50:18.681] [cout] [info]         control: /forceset/addmagMid_r, weight: 1.0
[2020-09-24 11:50:18.681] [cout] [info]         control: /forceset/addmagProx_r, weight: 1.0
[2020-09-24 11:50:18.681] [cout] [info]         control: /forceset/bflh_r, weight: 1.0
[2020-09-24 11:50:18.681] [cout] [info]         control: /forceset/bfsh_r, weight: 1.0
[2020-09-24 11:50:18.681] [cout] [info]         control: /forceset/edl_r, weight: 1.0
[2020-09-24 11:50:18.682] [cout] [info]         control: /forceset/ehl_r, weight: 1.0
[2020-09-24 11:50:18.682] [cout] [info]         control: /forceset/fdl_r, weight: 1.0
[2020-09-24 11:50:18.682] [cout] [info]         control: /forceset/fhl_r, weight: 1.0
[2020-09-24 11:50:18.682] [cout] [info]         control: /forceset/gaslat_r, weight: 1.0
[2020-09-24 11:50:18.682] [cout] [info]         control: /forceset/gasmed_r, weight: 1.0
[2020-09-24 11:50:18.682] [cout] [info]         control: /forceset/glmax1_r, weight: 1.0
[2020-09-24 11:50:18.682] [cout] [info]         control: /forceset/glmax2_r, weight: 1.0
[2020-09-24 11:50:18.682] [cout] [info]         control: /forceset/glmax3_r, weight: 1.0
[2020-09-24 11:50:18.682] [cout] [info]         control: /forceset/glmed1_r, weight: 1.0
[2020-09-24 11:50:18.682] [cout] [info]         control: /forceset/glmed2_r, weight: 1.0
[2020-09-24 11:50:18.682] [cout] [info]         control: /forceset/glmed3_r, weight: 1.0
[2020-09-24 11:50:18.682] [cout] [info]         control: /forceset/glmin1_r, weight: 1.0
[2020-09-24 11:50:18.682] [cout] [info]         control: /forceset/glmin2_r, weight: 1.0
[2020-09-24 11:50:18.682] [cout] [info]         control: /forceset/glmin3_r, weight: 1.0
[2020-09-24 11:50:18.682] [cout] [info]         control: /forceset/grac_r, weight: 1.0
[2020-09-24 11:50:18.682] [cout] [info]         control: /forceset/iliacus_r, weight: 1.0
[2020-09-24 11:50:18.682] [cout] [info]         control: /forceset/perbrev_r, weight: 1.0
[2020-09-24 11:50:18.682] [cout] [info]         control: /forceset/perlong_r, weight: 1.0
[2020-09-24 11:50:18.683] [cout] [info]         control: /forceset/piri_r, weight: 1.0
[2020-09-24 11:50:18.683] [cout] [info]         control: /forceset/psoas_r, weight: 1.0
[2020-09-24 11:50:18.683] [cout] [info]         control: /forceset/recfem_r, weight: 1.0
[2020-09-24 11:50:18.683] [cout] [info]         control: /forceset/sart_r, weight: 1.0
[2020-09-24 11:50:18.683] [cout] [info]         control: /forceset/semimem_r, weight: 1.0
[2020-09-24 11:50:18.683] [cout] [info]         control: /forceset/semiten_r, weight: 1.0
[2020-09-24 11:50:18.683] [cout] [info]         control: /forceset/soleus_r, weight: 1.0
[2020-09-24 11:50:18.683] [cout] [info]         control: /forceset/tfl_r, weight: 1.0
[2020-09-24 11:50:18.683] [cout] [info]         control: /forceset/tibant_r, weight: 1.0
[2020-09-24 11:50:18.683] [cout] [info]         control: /forceset/tibpost_r, weight: 1.0
[2020-09-24 11:50:18.683] [cout] [info]         control: /forceset/vasint_r, weight: 1.0
[2020-09-24 11:50:18.683] [cout] [info]         control: /forceset/vaslat_r, weight: 1.0
[2020-09-24 11:50:18.683] [cout] [info]         control: /forceset/vasmed_r, weight: 1.0
[2020-09-24 11:50:18.683] [cout] [info]         control: /forceset/addbrev_l, weight: 1.0
[2020-09-24 11:50:18.683] [cout] [info]         control: /forceset/addlong_l, weight: 1.0
[2020-09-24 11:50:18.683] [cout] [info]         control: /forceset/addmagDist_l, weight: 1.0
[2020-09-24 11:50:18.684] [cout] [info]         control: /forceset/addmagIsch_l, weight: 1.0
[2020-09-24 11:50:18.684] [cout] [info]         control: /forceset/addmagMid_l, weight: 1.0
[2020-09-24 11:50:18.684] [cout] [info]         control: /forceset/addmagProx_l, weight: 1.0
[2020-09-24 11:50:18.684] [cout] [info]         control: /forceset/bflh_l, weight: 1.0
[2020-09-24 11:50:18.684] [cout] [info]         control: /forceset/bfsh_l, weight: 1.0
[2020-09-24 11:50:18.684] [cout] [info]         control: /forceset/edl_l, weight: 1.0
[2020-09-24 11:50:18.684] [cout] [info]         control: /forceset/ehl_l, weight: 1.0
[2020-09-24 11:50:18.684] [cout] [info]         control: /forceset/fdl_l, weight: 1.0
[2020-09-24 11:50:18.684] [cout] [info]         control: /forceset/fhl_l, weight: 1.0
[2020-09-24 11:50:18.684] [cout] [info]         control: /forceset/gaslat_l, weight: 1.0
[2020-09-24 11:50:18.684] [cout] [info]         control: /forceset/gasmed_l, weight: 1.0
[2020-09-24 11:50:18.684] [cout] [info]         control: /forceset/glmax1_l, weight: 1.0
[2020-09-24 11:50:18.684] [cout] [info]         control: /forceset/glmax2_l, weight: 1.0
[2020-09-24 11:50:18.684] [cout] [info]         control: /forceset/glmax3_l, weight: 1.0
[2020-09-24 11:50:18.684] [cout] [info]         control: /forceset/glmed1_l, weight: 1.0
[2020-09-24 11:50:18.684] [cout] [info]         control: /forceset/glmed2_l, weight: 1.0
[2020-09-24 11:50:18.684] [cout] [info]         control: /forceset/glmed3_l, weight: 1.0
[2020-09-24 11:50:18.684] [cout] [info]         control: /forceset/glmin1_l, weight: 1.0
[2020-09-24 11:50:18.684] [cout] [info]         control: /forceset/glmin2_l, weight: 1.0
[2020-09-24 11:50:18.685] [cout] [info]         control: /forceset/glmin3_l, weight: 1.0
[2020-09-24 11:50:18.685] [cout] [info]         control: /forceset/grac_l, weight: 1.0
[2020-09-24 11:50:18.685] [cout] [info]         control: /forceset/iliacus_l, weight: 1.0
[2020-09-24 11:50:18.685] [cout] [info]         control: /forceset/perbrev_l, weight: 1.0
[2020-09-24 11:50:18.685] [cout] [info]         control: /forceset/perlong_l, weight: 1.0
[2020-09-24 11:50:18.685] [cout] [info]         control: /forceset/piri_l, weight: 1.0
[2020-09-24 11:50:18.685] [cout] [info]         control: /forceset/psoas_l, weight: 1.0
[2020-09-24 11:50:18.685] [cout] [info]         control: /forceset/recfem_l, weight: 1.0
[2020-09-24 11:50:18.685] [cout] [info]         control: /forceset/sart_l, weight: 1.0
[2020-09-24 11:50:18.685] [cout] [info]         control: /forceset/semimem_l, weight: 1.0
[2020-09-24 11:50:18.685] [cout] [info]         control: /forceset/semiten_l, weight: 1.0
[2020-09-24 11:50:18.685] [cout] [info]         control: /forceset/soleus_l, weight: 1.0
[2020-09-24 11:50:18.685] [cout] [info]         control: /forceset/tfl_l, weight: 1.0
[2020-09-24 11:50:18.685] [cout] [info]         control: /forceset/tibant_l, weight: 1.0
[2020-09-24 11:50:18.685] [cout] [info]         control: /forceset/tibpost_l, weight: 1.0
[2020-09-24 11:50:18.685] [cout] [info]         control: /forceset/vasint_l, weight: 1.0
[2020-09-24 11:50:18.685] [cout] [info]         control: /forceset/vaslat_l, weight: 1.0
[2020-09-24 11:50:18.685] [cout] [info]         control: /forceset/vasmed_l, weight: 1.0
[2020-09-24 11:50:18.686] [cout] [info]         control: /forceset/reserve_jointset_hip_r_hip_flexion_r, weight: 1.0
[2020-09-24 11:50:18.686] [cout] [info]         control: /forceset/reserve_jointset_hip_r_hip_adduction_r, weight: 1.0
[2020-09-24 11:50:18.686] [cout] [info]         control: /forceset/reserve_jointset_hip_r_hip_rotation_r, weight: 1.0
[2020-09-24 11:50:18.686] [cout] [info]         control: /forceset/reserve_jointset_walker_knee_r_knee_angle_r, weight: 1.0
[2020-09-24 11:50:18.686] [cout] [info]         control: /forceset/reserve_jointset_ankle_r_ankle_angle_r, weight: 1.0
[2020-09-24 11:50:18.686] [cout] [info]         control: /forceset/reserve_jointset_hip_l_hip_flexion_l, weight: 1.0
[2020-09-24 11:50:18.686] [cout] [info]         control: /forceset/reserve_jointset_hip_l_hip_adduction_l, weight: 1.0
[2020-09-24 11:50:18.686] [cout] [info]         control: /forceset/reserve_jointset_hip_l_hip_rotation_l, weight: 1.0
[2020-09-24 11:50:18.686] [cout] [info]         control: /forceset/reserve_jointset_walker_knee_l_knee_angle_l, weight: 1.0
[2020-09-24 11:50:18.686] [cout] [info]         control: /forceset/reserve_jointset_ankle_l_ankle_angle_l, weight: 1.0
[2020-09-24 11:50:18.686] [cout] [info] Endpoint constraints: (total: 1)
[2020-09-24 11:50:18.686] [cout] [info]   initial_activation. MocoInitialActivationGoal, enabled: true, mode: endpoint_constraint
[2020-09-24 11:50:18.686] [cout] [info] Kinematic constraints: (total: 2)
[2020-09-24 11:50:18.686] [cout] [info]   kinematic_constraint_cid18. MocoConstraintInfo. number of scalar equations: 3. bounds: 0, 0, 0
[2020-09-24 11:50:18.686] [cout] [info]   kinematic_constraint_cid19. MocoConstraintInfo. number of scalar equations: 3. bounds: 0, 0, 0
[2020-09-24 11:50:18.687] [cout] [info] Path constraints: none
[2020-09-24 11:50:18.687] [cout] [info] States: (total: 80)
[2020-09-24 11:50:18.687] [cout] [info]   /forceset/glmin1_r/activation. bounds: [0.01, 1]
[2020-09-24 11:50:18.687] [cout] [info]   /forceset/bflh_r/activation. bounds: [0.01, 1]
[2020-09-24 11:50:18.687] [cout] [info]   /forceset/addbrev_r/activation. bounds: [0.01, 1]
[2020-09-24 11:50:18.687] [cout] [info]   /forceset/addlong_r/activation. bounds: [0.01, 1]
[2020-09-24 11:50:18.687] [cout] [info]   /forceset/addmagIsch_r/activation. bounds: [0.01, 1]
[2020-09-24 11:50:18.687] [cout] [info]   /forceset/addmagMid_l/activation. bounds: [0.01, 1]
[2020-09-24 11:50:18.687] [cout] [info]   /forceset/piri_r/activation. bounds: [0.01, 1]
[2020-09-24 11:50:18.687] [cout] [info]   /forceset/addmagDist_r/activation. bounds: [0.01, 1]
[2020-09-24 11:50:18.687] [cout] [info]   /forceset/addmagDist_l/activation. bounds: [0.01, 1]
[2020-09-24 11:50:18.687] [cout] [info]   /forceset/vasmed_r/activation. bounds: [0.01, 1]
[2020-09-24 11:50:18.687] [cout] [info]   /forceset/addmagMid_r/activation. bounds: [0.01, 1]
[2020-09-24 11:50:18.687] [cout] [info]   /forceset/glmax2_r/activation. bounds: [0.01, 1]
[2020-09-24 11:50:18.687] [cout] [info]   /forceset/vaslat_r/activation. bounds: [0.01, 1]
[2020-09-24 11:50:18.688] [cout] [info]   /forceset/bfsh_r/activation. bounds: [0.01, 1]
[2020-09-24 11:50:18.688] [cout] [info]   /forceset/addmagProx_r/activation. bounds: [0.01, 1]
[2020-09-24 11:50:18.688] [cout] [info]   /forceset/edl_r/activation. bounds: [0.01, 1]
[2020-09-24 11:50:18.688] [cout] [info]   /forceset/ehl_r/activation. bounds: [0.01, 1]
[2020-09-24 11:50:18.688] [cout] [info]   /forceset/semimem_r/activation. bounds: [0.01, 1]
[2020-09-24 11:50:18.688] [cout] [info]   /forceset/fdl_r/activation. bounds: [0.01, 1]
[2020-09-24 11:50:18.688] [cout] [info]   /forceset/fhl_r/activation. bounds: [0.01, 1]
[2020-09-24 11:50:18.688] [cout] [info]   /forceset/tibant_l/activation. bounds: [0.01, 1]
[2020-09-24 11:50:18.688] [cout] [info]   /forceset/glmed3_l/activation. bounds: [0.01, 1]
[2020-09-24 11:50:18.688] [cout] [info]   /forceset/gaslat_r/activation. bounds: [0.01, 1]
[2020-09-24 11:50:18.688] [cout] [info]   /forceset/glmed1_r/activation. bounds: [0.01, 1]
[2020-09-24 11:50:18.688] [cout] [info]   /forceset/soleus_r/activation. bounds: [0.01, 1]
[2020-09-24 11:50:18.688] [cout] [info]   /forceset/gasmed_r/activation. bounds: [0.01, 1]
[2020-09-24 11:50:18.688] [cout] [info]   /forceset/glmax3_l/activation. bounds: [0.01, 1]
[2020-09-24 11:50:18.688] [cout] [info]   /forceset/recfem_r/activation. bounds: [0.01, 1]
[2020-09-24 11:50:18.689] [cout] [info]   /forceset/glmax1_r/activation. bounds: [0.01, 1]
[2020-09-24 11:50:18.689] [cout] [info]   /forceset/glmax1_l/activation. bounds: [0.01, 1]
[2020-09-24 11:50:18.689] [cout] [info]   /forceset/iliacus_r/activation. bounds: [0.01, 1]
[2020-09-24 11:50:18.689] [cout] [info]   /forceset/glmax3_r/activation. bounds: [0.01, 1]
[2020-09-24 11:50:18.689] [cout] [info]   /forceset/glmed2_r/activation. bounds: [0.01, 1]
[2020-09-24 11:50:18.689] [cout] [info]   /forceset/gaslat_l/activation. bounds: [0.01, 1]
[2020-09-24 11:50:18.689] [cout] [info]   /forceset/glmed1_l/activation. bounds: [0.01, 1]
[2020-09-24 11:50:18.689] [cout] [info]   /forceset/glmed3_r/activation. bounds: [0.01, 1]
[2020-09-24 11:50:18.689] [cout] [info]   /forceset/tibant_r/activation. bounds: [0.01, 1]
[2020-09-24 11:50:18.689] [cout] [info]   /forceset/glmin2_r/activation. bounds: [0.01, 1]
[2020-09-24 11:50:18.689] [cout] [info]   /forceset/glmin3_r/activation. bounds: [0.01, 1]
[2020-09-24 11:50:18.689] [cout] [info]   /forceset/grac_r/activation. bounds: [0.01, 1]
[2020-09-24 11:50:18.689] [cout] [info]   /forceset/perbrev_r/activation. bounds: [0.01, 1]
[2020-09-24 11:50:18.689] [cout] [info]   /forceset/addmagProx_l/activation. bounds: [0.01, 1]
[2020-09-24 11:50:18.689] [cout] [info]   /forceset/perlong_r/activation. bounds: [0.01, 1]
[2020-09-24 11:50:18.689] [cout] [info]   /forceset/psoas_r/activation. bounds: [0.01, 1]
[2020-09-24 11:50:18.690] [cout] [info]   /forceset/sart_r/activation. bounds: [0.01, 1]
[2020-09-24 11:50:18.690] [cout] [info]   /forceset/edl_l/activation. bounds: [0.01, 1]
[2020-09-24 11:50:18.690] [cout] [info]   /forceset/semiten_r/activation. bounds: [0.01, 1]
[2020-09-24 11:50:18.690] [cout] [info]   /forceset/tfl_r/activation. bounds: [0.01, 1]
[2020-09-24 11:50:18.690] [cout] [info]   /forceset/tibpost_r/activation. bounds: [0.01, 1]
[2020-09-24 11:50:18.690] [cout] [info]   /forceset/addmagIsch_l/activation. bounds: [0.01, 1]
[2020-09-24 11:50:18.690] [cout] [info]   /forceset/addlong_l/activation. bounds: [0.01, 1]
[2020-09-24 11:50:18.690] [cout] [info]   /forceset/vasint_r/activation. bounds: [0.01, 1]
[2020-09-24 11:50:18.690] [cout] [info]   /forceset/addbrev_l/activation. bounds: [0.01, 1]
[2020-09-24 11:50:18.690] [cout] [info]   /forceset/glmin1_l/activation. bounds: [0.01, 1]
[2020-09-24 11:50:18.690] [cout] [info]   /forceset/bflh_l/activation. bounds: [0.01, 1]
[2020-09-24 11:50:18.690] [cout] [info]   /forceset/vaslat_l/activation. bounds: [0.01, 1]
[2020-09-24 11:50:18.690] [cout] [info]   /forceset/glmax2_l/activation. bounds: [0.01, 1]
[2020-09-24 11:50:18.690] [cout] [info]   /forceset/bfsh_l/activation. bounds: [0.01, 1]
[2020-09-24 11:50:18.690] [cout] [info]   /forceset/semimem_l/activation. bounds: [0.01, 1]
[2020-09-24 11:50:18.691] [cout] [info]   /forceset/ehl_l/activation. bounds: [0.01, 1]
[2020-09-24 11:50:18.691] [cout] [info]   /forceset/fdl_l/activation. bounds: [0.01, 1]
[2020-09-24 11:50:18.691] [cout] [info]   /forceset/fhl_l/activation. bounds: [0.01, 1]
[2020-09-24 11:50:18.691] [cout] [info]   /forceset/gasmed_l/activation. bounds: [0.01, 1]
[2020-09-24 11:50:18.691] [cout] [info]   /forceset/glmed2_l/activation. bounds: [0.01, 1]
[2020-09-24 11:50:18.691] [cout] [info]   /forceset/glmin2_l/activation. bounds: [0.01, 1]
[2020-09-24 11:50:18.691] [cout] [info]   /forceset/glmin3_l/activation. bounds: [0.01, 1]
[2020-09-24 11:50:18.691] [cout] [info]   /forceset/grac_l/activation. bounds: [0.01, 1]
[2020-09-24 11:50:18.691] [cout] [info]   /forceset/iliacus_l/activation. bounds: [0.01, 1]
[2020-09-24 11:50:18.691] [cout] [info]   /forceset/perbrev_l/activation. bounds: [0.01, 1]
[2020-09-24 11:50:18.691] [cout] [info]   /forceset/perlong_l/activation. bounds: [0.01, 1]
[2020-09-24 11:50:18.691] [cout] [info]   /forceset/piri_l/activation. bounds: [0.01, 1]
[2020-09-24 11:50:18.691] [cout] [info]   /forceset/psoas_l/activation. bounds: [0.01, 1]
[2020-09-24 11:50:18.691] [cout] [info]   /forceset/recfem_l/activation. bounds: [0.01, 1]
[2020-09-24 11:50:18.691] [cout] [info]   /forceset/sart_l/activation. bounds: [0.01, 1]
[2020-09-24 11:50:18.692] [cout] [info]   /forceset/semiten_l/activation. bounds: [0.01, 1]
[2020-09-24 11:50:18.692] [cout] [info]   /forceset/soleus_l/activation. bounds: [0.01, 1]
[2020-09-24 11:50:18.692] [cout] [info]   /forceset/tfl_l/activation. bounds: [0.01, 1]
[2020-09-24 11:50:18.692] [cout] [info]   /forceset/tibpost_l/activation. bounds: [0.01, 1]
[2020-09-24 11:50:18.692] [cout] [info]   /forceset/vasint_l/activation. bounds: [0.01, 1]
[2020-09-24 11:50:18.692] [cout] [info]   /forceset/vasmed_l/activation. bounds: [0.01, 1]
[2020-09-24 11:50:18.692] [cout] [info] Controls: (total: 96)
[2020-09-24 11:50:18.692] [cout] [info]   /forceset/addmagIsch_r. bounds: [0.01, 1]
[2020-09-24 11:50:18.692] [cout] [info]   /forceset/addlong_r. bounds: [0.01, 1]
[2020-09-24 11:50:18.692] [cout] [info]   /forceset/tau_pelvis_ty. bounds: [-inf, inf]
[2020-09-24 11:50:18.692] [cout] [info]   /forceset/glmin2_r. bounds: [0.01, 1]
[2020-09-24 11:50:18.692] [cout] [info]   /forceset/tau_pelvis_tilt. bounds: [-inf, inf]
[2020-09-24 11:50:18.692] [cout] [info]   /forceset/tau_pelvis_list. bounds: [-inf, inf]
[2020-09-24 11:50:18.692] [cout] [info]   /forceset/tau_pelvis_tz. bounds: [-inf, inf]
[2020-09-24 11:50:18.692] [cout] [info]   /forceset/gaslat_l. bounds: [0.01, 1]
[2020-09-24 11:50:18.692] [cout] [info]   /forceset/glmed1_l. bounds: [0.01, 1]
[2020-09-24 11:50:18.693] [cout] [info]   /forceset/glmed3_r. bounds: [0.01, 1]
[2020-09-24 11:50:18.693] [cout] [info]   /forceset/tibant_r. bounds: [0.01, 1]
[2020-09-24 11:50:18.693] [cout] [info]   /forceset/tau_pelvis_rotation. bounds: [-inf, inf]
[2020-09-24 11:50:18.693] [cout] [info]   /forceset/tau_pelvis_tx. bounds: [-inf, inf]
[2020-09-24 11:50:18.693] [cout] [info]   /forceset/addbrev_r. bounds: [0.01, 1]
[2020-09-24 11:50:18.693] [cout] [info]   /forceset/addmagMid_l. bounds: [0.01, 1]
[2020-09-24 11:50:18.693] [cout] [info]   /forceset/piri_r. bounds: [0.01, 1]
[2020-09-24 11:50:18.693] [cout] [info]   /forceset/addmagDist_r. bounds: [0.01, 1]
[2020-09-24 11:50:18.693] [cout] [info]   /forceset/addmagDist_l. bounds: [0.01, 1]
[2020-09-24 11:50:18.693] [cout] [info]   /forceset/vasmed_r. bounds: [0.01, 1]
[2020-09-24 11:50:18.693] [cout] [info]   /forceset/addmagMid_r. bounds: [0.01, 1]
[2020-09-24 11:50:18.693] [cout] [info]   /forceset/addmagProx_r. bounds: [0.01, 1]
[2020-09-24 11:50:18.693] [cout] [info]   /forceset/glmin1_r. bounds: [0.01, 1]
[2020-09-24 11:50:18.693] [cout] [info]   /forceset/bflh_r. bounds: [0.01, 1]
[2020-09-24 11:50:18.693] [cout] [info]   /forceset/glmax2_r. bounds: [0.01, 1]
[2020-09-24 11:50:18.694] [cout] [info]   /forceset/vaslat_r. bounds: [0.01, 1]
[2020-09-24 11:50:18.694] [cout] [info]   /forceset/bfsh_r. bounds: [0.01, 1]
[2020-09-24 11:50:18.694] [cout] [info]   /forceset/edl_r. bounds: [0.01, 1]
[2020-09-24 11:50:18.694] [cout] [info]   /forceset/ehl_r. bounds: [0.01, 1]
[2020-09-24 11:50:18.694] [cout] [info]   /forceset/semimem_r. bounds: [0.01, 1]
[2020-09-24 11:50:18.694] [cout] [info]   /forceset/fdl_r. bounds: [0.01, 1]
[2020-09-24 11:50:18.694] [cout] [info]   /forceset/fhl_r. bounds: [0.01, 1]
[2020-09-24 11:50:18.694] [cout] [info]   /forceset/gaslat_r. bounds: [0.01, 1]
[2020-09-24 11:50:18.694] [cout] [info]   /forceset/glmed1_r. bounds: [0.01, 1]
[2020-09-24 11:50:18.694] [cout] [info]   /forceset/soleus_r. bounds: [0.01, 1]
[2020-09-24 11:50:18.694] [cout] [info]   /forceset/gasmed_r. bounds: [0.01, 1]
[2020-09-24 11:50:18.694] [cout] [info]   /forceset/glmax3_l. bounds: [0.01, 1]
[2020-09-24 11:50:18.694] [cout] [info]   /forceset/recfem_r. bounds: [0.01, 1]
[2020-09-24 11:50:18.694] [cout] [info]   /forceset/glmax1_r. bounds: [0.01, 1]
[2020-09-24 11:50:18.694] [cout] [info]   /forceset/glmax1_l. bounds: [0.01, 1]
[2020-09-24 11:50:18.694] [cout] [info]   /forceset/iliacus_r. bounds: [0.01, 1]
[2020-09-24 11:50:18.695] [cout] [info]   /forceset/glmax3_r. bounds: [0.01, 1]
[2020-09-24 11:50:18.695] [cout] [info]   /forceset/glmed2_r. bounds: [0.01, 1]
[2020-09-24 11:50:18.695] [cout] [info]   /forceset/glmin3_r. bounds: [0.01, 1]
[2020-09-24 11:50:18.695] [cout] [info]   /forceset/grac_r. bounds: [0.01, 1]
[2020-09-24 11:50:18.695] [cout] [info]   /forceset/perbrev_r. bounds: [0.01, 1]
[2020-09-24 11:50:18.695] [cout] [info]   /forceset/addmagProx_l. bounds: [0.01, 1]
[2020-09-24 11:50:18.695] [cout] [info]   /forceset/perlong_r. bounds: [0.01, 1]
[2020-09-24 11:50:18.695] [cout] [info]   /forceset/psoas_r. bounds: [0.01, 1]
[2020-09-24 11:50:18.695] [cout] [info]   /forceset/sart_r. bounds: [0.01, 1]
[2020-09-24 11:50:18.695] [cout] [info]   /forceset/edl_l. bounds: [0.01, 1]
[2020-09-24 11:50:18.695] [cout] [info]   /forceset/semiten_r. bounds: [0.01, 1]
[2020-09-24 11:50:18.695] [cout] [info]   /forceset/tfl_r. bounds: [0.01, 1]
[2020-09-24 11:50:18.695] [cout] [info]   /forceset/tibpost_r. bounds: [0.01, 1]
[2020-09-24 11:50:18.695] [cout] [info]   /forceset/addmagIsch_l. bounds: [0.01, 1]
[2020-09-24 11:50:18.695] [cout] [info]   /forceset/addlong_l. bounds: [0.01, 1]
[2020-09-24 11:50:18.696] [cout] [info]   /forceset/vasint_r. bounds: [0.01, 1]
[2020-09-24 11:50:18.696] [cout] [info]   /forceset/addbrev_l. bounds: [0.01, 1]
[2020-09-24 11:50:18.696] [cout] [info]   /forceset/bflh_l. bounds: [0.01, 1]
[2020-09-24 11:50:18.696] [cout] [info]   /forceset/vaslat_l. bounds: [0.01, 1]
[2020-09-24 11:50:18.696] [cout] [info]   /forceset/glmax2_l. bounds: [0.01, 1]
[2020-09-24 11:50:18.696] [cout] [info]   /forceset/bfsh_l. bounds: [0.01, 1]
[2020-09-24 11:50:18.696] [cout] [info]   /forceset/semimem_l. bounds: [0.01, 1]
[2020-09-24 11:50:18.696] [cout] [info]   /forceset/ehl_l. bounds: [0.01, 1]
[2020-09-24 11:50:18.696] [cout] [info]   /forceset/fdl_l. bounds: [0.01, 1]
[2020-09-24 11:50:18.696] [cout] [info]   /forceset/fhl_l. bounds: [0.01, 1]
[2020-09-24 11:50:18.696] [cout] [info]   /forceset/gasmed_l. bounds: [0.01, 1]
[2020-09-24 11:50:18.696] [cout] [info]   /forceset/glmed2_l. bounds: [0.01, 1]
[2020-09-24 11:50:18.696] [cout] [info]   /forceset/tibant_l. bounds: [0.01, 1]
[2020-09-24 11:50:18.696] [cout] [info]   /forceset/glmed3_l. bounds: [0.01, 1]
[2020-09-24 11:50:18.696] [cout] [info]   /forceset/glmin1_l. bounds: [0.01, 1]
[2020-09-24 11:50:18.697] [cout] [info]   /forceset/glmin2_l. bounds: [0.01, 1]
[2020-09-24 11:50:18.697] [cout] [info]   /forceset/glmin3_l. bounds: [0.01, 1]
[2020-09-24 11:50:18.697] [cout] [info]   /forceset/grac_l. bounds: [0.01, 1]
[2020-09-24 11:50:18.697] [cout] [info]   /forceset/iliacus_l. bounds: [0.01, 1]
[2020-09-24 11:50:18.697] [cout] [info]   /forceset/perbrev_l. bounds: [0.01, 1]
[2020-09-24 11:50:18.697] [cout] [info]   /forceset/perlong_l. bounds: [0.01, 1]
[2020-09-24 11:50:18.697] [cout] [info]   /forceset/piri_l. bounds: [0.01, 1]
[2020-09-24 11:50:18.697] [cout] [info]   /forceset/psoas_l. bounds: [0.01, 1]
[2020-09-24 11:50:18.697] [cout] [info]   /forceset/recfem_l. bounds: [0.01, 1]
[2020-09-24 11:50:18.697] [cout] [info]   /forceset/sart_l. bounds: [0.01, 1]
[2020-09-24 11:50:18.697] [cout] [info]   /forceset/semiten_l. bounds: [0.01, 1]
[2020-09-24 11:50:18.697] [cout] [info]   /forceset/soleus_l. bounds: [0.01, 1]
[2020-09-24 11:50:18.697] [cout] [info]   /forceset/tfl_l. bounds: [0.01, 1]
[2020-09-24 11:50:18.697] [cout] [info]   /forceset/tibpost_l. bounds: [0.01, 1]
[2020-09-24 11:50:18.697] [cout] [info]   /forceset/vasint_l. bounds: [0.01, 1]
[2020-09-24 11:50:18.698] [cout] [info]   /forceset/vasmed_l. bounds: [0.01, 1]
[2020-09-24 11:50:18.698] [cout] [info]   /forceset/reserve_jointset_hip_r_hip_flexion_r. bounds: [-inf, inf]
[2020-09-24 11:50:18.698] [cout] [info]   /forceset/reserve_jointset_hip_r_hip_adduction_r. bounds: [-inf, inf]
[2020-09-24 11:50:18.698] [cout] [info]   /forceset/reserve_jointset_hip_r_hip_rotation_r. bounds: [-inf, inf]
[2020-09-24 11:50:18.698] [cout] [info]   /forceset/reserve_jointset_walker_knee_r_knee_angle_r. bounds: [-inf, inf]
[2020-09-24 11:50:18.698] [cout] [info]   /forceset/reserve_jointset_ankle_r_ankle_angle_r. bounds: [-inf, inf]
[2020-09-24 11:50:18.698] [cout] [info]   /forceset/reserve_jointset_hip_l_hip_flexion_l. bounds: [-inf, inf]
[2020-09-24 11:50:18.698] [cout] [info]   /forceset/reserve_jointset_hip_l_hip_adduction_l. bounds: [-inf, inf]
[2020-09-24 11:50:18.698] [cout] [info]   /forceset/reserve_jointset_walker_knee_l_knee_angle_l. bounds: [-inf, inf]
[2020-09-24 11:50:18.698] [cout] [info]   /forceset/reserve_jointset_hip_l_hip_rotation_l. bounds: [-inf, inf]
[2020-09-24 11:50:18.698] [cout] [info]   /forceset/reserve_jointset_ankle_l_ankle_angle_l. bounds: [-inf, inf]
[2020-09-24 11:50:18.698] [cout] [info] Parameters: none
[2020-09-24 11:50:18.825] [info] Storage: read data file = grf_walk.mot (nr=4778 nc=19)
[2020-09-24 11:50:18.924] [info] ExternalForce::Right_GRF Data source being set to subject11_noload_free_trial03_ground_reaction
[2020-09-24 11:50:18.924] [info] ExternalForce::Left_GRF Data source being set to subject11_noload_free_trial03_ground_reaction
[2020-09-24 11:50:19.065] [info] Storage: read data file = grf_walk.mot (nr=4778 nc=19)
[2020-09-24 11:50:19.164] [info] ExternalForce::Right_GRF Data source being set to subject11_noload_free_trial03_ground_reaction
[2020-09-24 11:50:19.164] [info] ExternalForce::Left_GRF Data source being set to subject11_noload_free_trial03_ground_reaction
[2020-09-24 11:50:19.346] [info] Storage: read data file = grf_walk.mot (nr=4778 nc=19)
[2020-09-24 11:50:19.443] [info] ExternalForce::Right_GRF Data source being set to subject11_noload_free_trial03_ground_reaction
[2020-09-24 11:50:19.443] [info] ExternalForce::Left_GRF Data source being set to subject11_noload_free_trial03_ground_reaction
[2020-09-24 11:50:19.609] [info] Storage: read data file = grf_walk.mot (nr=4778 nc=19)
[2020-09-24 11:50:19.717] [info] ExternalForce::Right_GRF Data source being set to subject11_noload_free_trial03_ground_reaction
[2020-09-24 11:50:19.717] [info] ExternalForce::Left_GRF Data source being set to subject11_noload_free_trial03_ground_reaction
[2020-09-24 11:50:19.914] [info] Storage: read data file = grf_walk.mot (nr=4778 nc=19)
[2020-09-24 11:50:20.029] [info] ExternalForce::Right_GRF Data source being set to subject11_noload_free_trial03_ground_reaction
[2020-09-24 11:50:20.029] [info] ExternalForce::Left_GRF Data source being set to subject11_noload_free_trial03_ground_reaction
[2020-09-24 11:50:20.211] [info] Storage: read data file = grf_walk.mot (nr=4778 nc=19)
[2020-09-24 11:50:20.315] [info] ExternalForce::Right_GRF Data source being set to subject11_noload_free_trial03_ground_reaction
[2020-09-24 11:50:20.315] [info] ExternalForce::Left_GRF Data source being set to subject11_noload_free_trial03_ground_reaction
[2020-09-24 11:50:20.527] [info] Storage: read data file = grf_walk.mot (nr=4778 nc=19)
[2020-09-24 11:50:20.650] [info] ExternalForce::Right_GRF Data source being set to subject11_noload_free_trial03_ground_reaction
[2020-09-24 11:50:20.650] [info] ExternalForce::Left_GRF Data source being set to subject11_noload_free_trial03_ground_reaction
[2020-09-24 11:50:20.854] [info] Storage: read data file = grf_walk.mot (nr=4778 nc=19)
[2020-09-24 11:50:20.972] [info] ExternalForce::Right_GRF Data source being set to subject11_noload_free_trial03_ground_reaction
[2020-09-24 11:50:20.972] [info] ExternalForce::Left_GRF Data source being set to subject11_noload_free_trial03_ground_reaction
[2020-09-24 11:50:21.188] [info] Storage: read data file = grf_walk.mot (nr=4778 nc=19)
[2020-09-24 11:50:21.310] [info] ExternalForce::Right_GRF Data source being set to subject11_noload_free_trial03_ground_reaction
[2020-09-24 11:50:21.310] [info] ExternalForce::Left_GRF Data source being set to subject11_noload_free_trial03_ground_reaction
[2020-09-24 11:50:21.519] [info] Storage: read data file = grf_walk.mot (nr=4778 nc=19)
[2020-09-24 11:50:21.612] [info] ExternalForce::Right_GRF Data source being set to subject11_noload_free_trial03_ground_reaction
[2020-09-24 11:50:21.612] [info] ExternalForce::Left_GRF Data source being set to subject11_noload_free_trial03_ground_reaction
[2020-09-24 11:50:21.781] [info] Storage: read data file = grf_walk.mot (nr=4778 nc=19)
[2020-09-24 11:50:21.881] [info] ExternalForce::Right_GRF Data source being set to subject11_noload_free_trial03_ground_reaction
[2020-09-24 11:50:21.881] [info] ExternalForce::Left_GRF Data source being set to subject11_noload_free_trial03_ground_reaction
[2020-09-24 11:50:22.030] [info] Storage: read data file = grf_walk.mot (nr=4778 nc=19)
[2020-09-24 11:50:22.129] [info] ExternalForce::Right_GRF Data source being set to subject11_noload_free_trial03_ground_reaction
[2020-09-24 11:50:22.129] [info] ExternalForce::Left_GRF Data source being set to subject11_noload_free_trial03_ground_reaction
[2020-09-24 11:50:22.321] [info] Storage: read data file = grf_walk.mot (nr=4778 nc=19)
[2020-09-24 11:50:22.442] [info] ExternalForce::Right_GRF Data source being set to subject11_noload_free_trial03_ground_reaction
[2020-09-24 11:50:22.442] [info] ExternalForce::Left_GRF Data source being set to subject11_noload_free_trial03_ground_reaction
[2020-09-24 11:50:22.625] [info] Storage: read data file = grf_walk.mot (nr=4778 nc=19)
[2020-09-24 11:50:22.738] [info] ExternalForce::Right_GRF Data source being set to subject11_noload_free_trial03_ground_reaction
[2020-09-24 11:50:22.738] [info] ExternalForce::Left_GRF Data source being set to subject11_noload_free_trial03_ground_reaction
[2020-09-24 11:50:22.946] [info] Storage: read data file = grf_walk.mot (nr=4778 nc=19)
[2020-09-24 11:50:23.066] [info] ExternalForce::Right_GRF Data source being set to subject11_noload_free_trial03_ground_reaction
[2020-09-24 11:50:23.066] [info] ExternalForce::Left_GRF Data source being set to subject11_noload_free_trial03_ground_reaction
[2020-09-24 11:50:23.280] [info] Storage: read data file = grf_walk.mot (nr=4778 nc=19)
[2020-09-24 11:50:23.396] [info] ExternalForce::Right_GRF Data source being set to subject11_noload_free_trial03_ground_reaction
[2020-09-24 11:50:23.397] [info] ExternalForce::Left_GRF Data source being set to subject11_noload_free_trial03_ground_reaction
[2020-09-24 11:50:23.473] [info] Number of threads: 8
[2020-09-24 11:57:42.830] [info] Set log level to Info.
[2020-09-24 11:57:42.871] [info] ------------------------------------------------------------------------
[2020-09-24 11:57:42.871] [info] Elapsed real time: 444 second(s) (7 minute(s), 24 second(s)).
[2020-09-24 11:57:42.871] [info] 9/24/2020 11:57:42 AM
[2020-09-24 11:57:42.871] [info] MocoCasADiSolver succeeded!
[2020-09-24 11:57:42.871] [info] ========================================================================
[2020-09-24 11:57:44.623] [info] Loaded model subject_scale_walk from file subject_walk_armless.osim
[2020-09-24 11:57:45.480] [info] ExternalLoads 'grf_walk' was renamed and is being reset to 'externalloads'.
[2020-09-24 11:57:45.965] [info] Storage: read data file = grf_walk.mot (nr=4778 nc=19)
[2020-09-24 11:57:46.090] [info] ExternalForce::Right_GRF Data source being set to subject11_noload_free_trial03_ground_reaction
[2020-09-24 11:57:46.090] [info] ExternalForce::Left_GRF Data source being set to subject11_noload_free_trial03_ground_reaction
[2020-09-24 11:57:46.120] [info] Storage: read data file = grf_walk.mot (nr=4778 nc=19)
[2020-09-24 11:57:46.252] [info] ExternalForce::Right_GRF Data source being set to subject11_noload_free_trial03_ground_reaction
[2020-09-24 11:57:46.252] [info] ExternalForce::Left_GRF Data source being set to subject11_noload_free_trial03_ground_reaction
[2020-09-24 11:57:59.485] [info] Storage: read data file = grf_walk.mot (nr=4778 nc=19)
[2020-09-24 11:57:59.596] [info] ExternalForce::Right_GRF Data source being set to subject11_noload_free_trial03_ground_reaction
[2020-09-24 11:57:59.597] [info] ExternalForce::Left_GRF Data source being set to subject11_noload_free_trial03_ground_reaction
[2020-09-24 11:57:59.634] [info] Storage: read data file = grf_walk.mot (nr=4778 nc=19)
[2020-09-24 11:57:59.741] [info] ExternalForce::Right_GRF Data source being set to subject11_noload_free_trial03_ground_reaction
[2020-09-24 11:57:59.741] [info] ExternalForce::Left_GRF Data source being set to subject11_noload_free_trial03_ground_reaction
[2020-09-24 11:57:59.761] [info] Adding reserve actuators with an optimal force of 1.0...
[2020-09-24 11:57:59.817] [info] Storage: read data file = grf_walk.mot (nr=4778 nc=19)
[2020-09-24 11:57:59.931] [info] ExternalForce::Right_GRF Data source being set to subject11_noload_free_trial03_ground_reaction
[2020-09-24 11:57:59.931] [info] ExternalForce::Left_GRF Data source being set to subject11_noload_free_trial03_ground_reaction
[2020-09-24 11:58:00.075] [info] Storage: read data file = grf_walk.mot (nr=4778 nc=19)
[2020-09-24 11:58:00.198] [info] ExternalForce::Right_GRF Data source being set to subject11_noload_free_trial03_ground_reaction
[2020-09-24 11:58:00.198] [info] ExternalForce::Left_GRF Data source being set to subject11_noload_free_trial03_ground_reaction
[2020-09-24 11:58:00.218] [info] Added 10 reserve actuator(s), for each of the following coordinates:
[2020-09-24 11:58:00.218] [info]   /jointset/hip_r/hip_flexion_r
[2020-09-24 11:58:00.218] [info]   /jointset/hip_r/hip_adduction_r
[2020-09-24 11:58:00.218] [info]   /jointset/hip_r/hip_rotation_r
[2020-09-24 11:58:00.218] [info]   /jointset/walker_knee_r/knee_angle_r
[2020-09-24 11:58:00.218] [info]   /jointset/ankle_r/ankle_angle_r
[2020-09-24 11:58:00.218] [info]   /jointset/hip_l/hip_flexion_l
[2020-09-24 11:58:00.218] [info]   /jointset/hip_l/hip_adduction_l
[2020-09-24 11:58:00.218] [info]   /jointset/hip_l/hip_rotation_l
[2020-09-24 11:58:00.219] [info]   /jointset/walker_knee_l/knee_angle_l
[2020-09-24 11:58:00.219] [info]   /jointset/ankle_l/ankle_angle_l
[2020-09-24 11:58:00.782] [info] Storage: read data file = grf_walk.mot (nr=4778 nc=19)
[2020-09-24 11:58:00.935] [info] ExternalForce::Right_GRF Data source being set to subject11_noload_free_trial03_ground_reaction
[2020-09-24 11:58:00.935] [info] ExternalForce::Left_GRF Data source being set to subject11_noload_free_trial03_ground_reaction
