[2021-01-11 12:45:21.127] [info] Loaded model Rajagopal_hipfix from file Rajagopal_40_abdChg_passiveCalib_updatedmarkers.osim
[2021-01-11 12:45:21.144] [info] 'addbrev_r': Parameter update for the damped-model: minimum_activation was 0.01 but is now 0.01
[2021-01-11 12:45:21.145] [info] 'addlong_r': Parameter update for the damped-model: minimum_activation was 0.01 but is now 0.01
[2021-01-11 12:45:21.147] [info] 'addmagDist_r': Parameter update for the damped-model: minimum_activation was 0.01 but is now 0.01
[2021-01-11 12:45:21.149] [info] 'addmagIsch_r': Parameter update for the damped-model: minimum_activation was 0.01 but is now 0.01
[2021-01-11 12:45:21.152] [info] 'addmagMid_r': Parameter update for the damped-model: minimum_activation was 0.01 but is now 0.01
[2021-01-11 12:45:21.156] [info] 'addmagProx_r': Parameter update for the damped-model: minimum_activation was 0.01 but is now 0.01
[2021-01-11 12:45:21.160] [info] 'bflh_r': Parameter update for the damped-model: minimum_activation was 0.01 but is now 0.01
[2021-01-11 12:45:21.164] [info] 'bfsh_r': Parameter update for the damped-model: minimum_activation was 0.01 but is now 0.01
[2021-01-11 12:45:21.168] [info] 'edl_r': Parameter update for the damped-model: minimum_activation was 0.01 but is now 0.01
[2021-01-11 12:45:21.173] [info] 'ehl_r': Parameter update for the damped-model: minimum_activation was 0.01 but is now 0.01
[2021-01-11 12:45:21.180] [info] 'fdl_r': Parameter update for the damped-model: minimum_activation was 0.01 but is now 0.01
[2021-01-11 12:45:21.185] [info] 'fhl_r': Parameter update for the damped-model: minimum_activation was 0.01 but is now 0.01
[2021-01-11 12:45:21.190] [info] 'gaslat_r': Parameter update for the damped-model: minimum_activation was 0.01 but is now 0.01
[2021-01-11 12:45:21.197] [info] 'gasmed_r': Parameter update for the damped-model: minimum_activation was 0.01 but is now 0.01
[2021-01-11 12:45:21.201] [info] 'glmax1_r': Parameter update for the damped-model: minimum_activation was 0.01 but is now 0.01
[2021-01-11 12:45:21.205] [info] 'glmax2_r': Parameter update for the damped-model: minimum_activation was 0.01 but is now 0.01
[2021-01-11 12:45:21.210] [info] 'glmax3_r': Parameter update for the damped-model: minimum_activation was 0.01 but is now 0.01
[2021-01-11 12:45:21.215] [info] 'glmed1_r': Parameter update for the damped-model: minimum_activation was 0.01 but is now 0.01
[2021-01-11 12:45:21.223] [info] 'glmed2_r': Parameter update for the damped-model: minimum_activation was 0.01 but is now 0.01
[2021-01-11 12:45:21.227] [info] 'glmed3_r': Parameter update for the damped-model: minimum_activation was 0.01 but is now 0.01
[2021-01-11 12:45:21.232] [info] 'glmin1_r': Parameter update for the damped-model: minimum_activation was 0.01 but is now 0.01
[2021-01-11 12:45:21.238] [info] 'glmin2_r': Parameter update for the damped-model: minimum_activation was 0.01 but is now 0.01
[2021-01-11 12:45:21.242] [info] 'glmin3_r': Parameter update for the damped-model: minimum_activation was 0.01 but is now 0.01
[2021-01-11 12:45:21.247] [info] 'grac_r': Parameter update for the damped-model: minimum_activation was 0.01 but is now 0.01
[2021-01-11 12:45:21.253] [info] 'iliacus_r': Parameter update for the damped-model: minimum_activation was 0.01 but is now 0.01
[2021-01-11 12:45:21.257] [info] 'perbrev_r': Parameter update for the damped-model: minimum_activation was 0.01 but is now 0.01
[2021-01-11 12:45:21.262] [info] 'perlong_r': Parameter update for the damped-model: minimum_activation was 0.01 but is now 0.01
[2021-01-11 12:45:21.266] [info] 'piri_r': Parameter update for the damped-model: minimum_activation was 0.01 but is now 0.01
[2021-01-11 12:45:21.270] [info] 'psoas_r': Parameter update for the damped-model: minimum_activation was 0.01 but is now 0.01
[2021-01-11 12:45:21.275] [info] 'recfem_r': Parameter update for the damped-model: minimum_activation was 0.01 but is now 0.01
[2021-01-11 12:45:21.280] [info] 'sart_r': Parameter update for the damped-model: minimum_activation was 0.01 but is now 0.01
[2021-01-11 12:45:21.284] [info] 'semimem_r': Parameter update for the damped-model: minimum_activation was 0.01 but is now 0.01
[2021-01-11 12:45:21.288] [info] 'semiten_r': Parameter update for the damped-model: minimum_activation was 0.01 but is now 0.01
[2021-01-11 12:45:21.295] [info] 'soleus_r': Parameter update for the damped-model: minimum_activation was 0.01 but is now 0.01
[2021-01-11 12:45:21.299] [info] 'tfl_r': Parameter update for the damped-model: minimum_activation was 0.01 but is now 0.01
[2021-01-11 12:45:21.304] [info] 'tibant_r': Parameter update for the damped-model: minimum_activation was 0.01 but is now 0.01
[2021-01-11 12:45:21.310] [info] 'tibpost_r': Parameter update for the damped-model: minimum_activation was 0.01 but is now 0.01
[2021-01-11 12:45:21.318] [info] 'vasint_r': Parameter update for the damped-model: minimum_activation was 0.01 but is now 0.01
[2021-01-11 12:45:21.325] [info] 'vaslat_r': Parameter update for the damped-model: minimum_activation was 0.01 but is now 0.01
[2021-01-11 12:45:21.330] [info] 'vasmed_r': Parameter update for the damped-model: minimum_activation was 0.01 but is now 0.01
[2021-01-11 12:45:21.334] [info] 'addbrev_l': Parameter update for the damped-model: minimum_activation was 0.01 but is now 0.01
[2021-01-11 12:45:21.339] [info] 'addlong_l': Parameter update for the damped-model: minimum_activation was 0.01 but is now 0.01
[2021-01-11 12:45:21.344] [info] 'addmagDist_l': Parameter update for the damped-model: minimum_activation was 0.01 but is now 0.01
[2021-01-11 12:45:21.352] [info] 'addmagIsch_l': Parameter update for the damped-model: minimum_activation was 0.01 but is now 0.01
[2021-01-11 12:45:21.356] [info] 'addmagMid_l': Parameter update for the damped-model: minimum_activation was 0.01 but is now 0.01
[2021-01-11 12:45:21.361] [info] 'addmagProx_l': Parameter update for the damped-model: minimum_activation was 0.01 but is now 0.01
[2021-01-11 12:45:21.365] [info] 'bflh_l': Parameter update for the damped-model: minimum_activation was 0.01 but is now 0.01
[2021-01-11 12:45:21.369] [info] 'bfsh_l': Parameter update for the damped-model: minimum_activation was 0.01 but is now 0.01
[2021-01-11 12:45:21.376] [info] 'edl_l': Parameter update for the damped-model: minimum_activation was 0.01 but is now 0.01
[2021-01-11 12:45:21.380] [info] 'ehl_l': Parameter update for the damped-model: minimum_activation was 0.01 but is now 0.01
[2021-01-11 12:45:21.385] [info] 'fdl_l': Parameter update for the damped-model: minimum_activation was 0.01 but is now 0.01
[2021-01-11 12:45:21.389] [info] 'fhl_l': Parameter update for the damped-model: minimum_activation was 0.01 but is now 0.01
[2021-01-11 12:45:21.394] [info] 'gaslat_l': Parameter update for the damped-model: minimum_activation was 0.01 but is now 0.01
[2021-01-11 12:45:21.398] [info] 'gasmed_l': Parameter update for the damped-model: minimum_activation was 0.01 but is now 0.01
[2021-01-11 12:45:21.403] [info] 'glmax1_l': Parameter update for the damped-model: minimum_activation was 0.01 but is now 0.01
[2021-01-11 12:45:21.411] [info] 'glmax2_l': Parameter update for the damped-model: minimum_activation was 0.01 but is now 0.01
[2021-01-11 12:45:21.416] [info] 'glmax3_l': Parameter update for the damped-model: minimum_activation was 0.01 but is now 0.01
[2021-01-11 12:45:21.420] [info] 'glmed1_l': Parameter update for the damped-model: minimum_activation was 0.01 but is now 0.01
[2021-01-11 12:45:21.424] [info] 'glmed2_l': Parameter update for the damped-model: minimum_activation was 0.01 but is now 0.01
[2021-01-11 12:45:21.428] [info] 'glmed3_l': Parameter update for the damped-model: minimum_activation was 0.01 but is now 0.01
[2021-01-11 12:45:21.432] [info] 'glmin1_l': Parameter update for the damped-model: minimum_activation was 0.01 but is now 0.01
[2021-01-11 12:45:21.436] [info] 'glmin2_l': Parameter update for the damped-model: minimum_activation was 0.01 but is now 0.01
[2021-01-11 12:45:21.440] [info] 'glmin3_l': Parameter update for the damped-model: minimum_activation was 0.01 but is now 0.01
[2021-01-11 12:45:21.445] [info] 'grac_l': Parameter update for the damped-model: minimum_activation was 0.01 but is now 0.01
[2021-01-11 12:45:21.449] [info] 'iliacus_l': Parameter update for the damped-model: minimum_activation was 0.01 but is now 0.01
[2021-01-11 12:45:21.452] [info] 'perbrev_l': Parameter update for the damped-model: minimum_activation was 0.01 but is now 0.01
[2021-01-11 12:45:21.456] [info] 'perlong_l': Parameter update for the damped-model: minimum_activation was 0.01 but is now 0.01
[2021-01-11 12:45:21.461] [info] 'piri_l': Parameter update for the damped-model: minimum_activation was 0.01 but is now 0.01
[2021-01-11 12:45:21.466] [info] 'psoas_l': Parameter update for the damped-model: minimum_activation was 0.01 but is now 0.01
[2021-01-11 12:45:21.470] [info] 'recfem_l': Parameter update for the damped-model: minimum_activation was 0.01 but is now 0.01
[2021-01-11 12:45:21.474] [info] 'sart_l': Parameter update for the damped-model: minimum_activation was 0.01 but is now 0.01
[2021-01-11 12:45:21.478] [info] 'semimem_l': Parameter update for the damped-model: minimum_activation was 0.01 but is now 0.01
[2021-01-11 12:45:21.482] [info] 'semiten_l': Parameter update for the damped-model: minimum_activation was 0.01 but is now 0.01
[2021-01-11 12:45:21.486] [info] 'soleus_l': Parameter update for the damped-model: minimum_activation was 0.01 but is now 0.01
[2021-01-11 12:45:21.490] [info] 'tfl_l': Parameter update for the damped-model: minimum_activation was 0.01 but is now 0.01
[2021-01-11 12:45:21.494] [info] 'tibant_l': Parameter update for the damped-model: minimum_activation was 0.01 but is now 0.01
[2021-01-11 12:45:21.499] [info] 'tibpost_l': Parameter update for the damped-model: minimum_activation was 0.01 but is now 0.01
[2021-01-11 12:45:21.503] [info] 'vasint_l': Parameter update for the damped-model: minimum_activation was 0.01 but is now 0.01
[2021-01-11 12:45:21.508] [info] 'vaslat_l': Parameter update for the damped-model: minimum_activation was 0.01 but is now 0.01
[2021-01-11 12:45:21.513] [info] 'vasmed_l': Parameter update for the damped-model: minimum_activation was 0.01 but is now 0.01
[2021-01-11 12:47:25.039] [info] Loaded model Rajagopal_hipfix from file Rajagopal_40_abdChg_passiveCalib_updatedmarkers.osim
[2021-01-11 12:47:25.052] [info] 'addbrev_r': Parameter update for the damped-model: minimum_activation was 0.01 but is now 0.01
[2021-01-11 12:47:25.054] [info] 'addlong_r': Parameter update for the damped-model: minimum_activation was 0.01 but is now 0.01
[2021-01-11 12:47:25.056] [info] 'addmagDist_r': Parameter update for the damped-model: minimum_activation was 0.01 but is now 0.01
[2021-01-11 12:47:25.057] [info] 'addmagIsch_r': Parameter update for the damped-model: minimum_activation was 0.01 but is now 0.01
[2021-01-11 12:47:25.058] [info] 'addmagMid_r': Parameter update for the damped-model: minimum_activation was 0.01 but is now 0.01
[2021-01-11 12:47:25.060] [info] 'addmagProx_r': Parameter update for the damped-model: minimum_activation was 0.01 but is now 0.01
[2021-01-11 12:47:25.061] [info] 'bflh_r': Parameter update for the damped-model: minimum_activation was 0.01 but is now 0.01
[2021-01-11 12:47:25.063] [info] 'bfsh_r': Parameter update for the damped-model: minimum_activation was 0.01 but is now 0.01
[2021-01-11 12:47:25.064] [info] 'edl_r': Parameter update for the damped-model: minimum_activation was 0.01 but is now 0.01
[2021-01-11 12:47:25.065] [info] 'ehl_r': Parameter update for the damped-model: minimum_activation was 0.01 but is now 0.01
[2021-01-11 12:47:25.067] [info] 'fdl_r': Parameter update for the damped-model: minimum_activation was 0.01 but is now 0.01
[2021-01-11 12:47:25.068] [info] 'fhl_r': Parameter update for the damped-model: minimum_activation was 0.01 but is now 0.01
[2021-01-11 12:47:25.070] [info] 'gaslat_r': Parameter update for the damped-model: minimum_activation was 0.01 but is now 0.01
[2021-01-11 12:47:25.072] [info] 'gasmed_r': Parameter update for the damped-model: minimum_activation was 0.01 but is now 0.01
[2021-01-11 12:47:25.073] [info] 'glmax1_r': Parameter update for the damped-model: minimum_activation was 0.01 but is now 0.01
[2021-01-11 12:47:25.074] [info] 'glmax2_r': Parameter update for the damped-model: minimum_activation was 0.01 but is now 0.01
[2021-01-11 12:47:25.075] [info] 'glmax3_r': Parameter update for the damped-model: minimum_activation was 0.01 but is now 0.01
[2021-01-11 12:47:25.077] [info] 'glmed1_r': Parameter update for the damped-model: minimum_activation was 0.01 but is now 0.01
[2021-01-11 12:47:25.078] [info] 'glmed2_r': Parameter update for the damped-model: minimum_activation was 0.01 but is now 0.01
[2021-01-11 12:47:25.079] [info] 'glmed3_r': Parameter update for the damped-model: minimum_activation was 0.01 but is now 0.01
[2021-01-11 12:47:25.080] [info] 'glmin1_r': Parameter update for the damped-model: minimum_activation was 0.01 but is now 0.01
[2021-01-11 12:47:25.082] [info] 'glmin2_r': Parameter update for the damped-model: minimum_activation was 0.01 but is now 0.01
[2021-01-11 12:47:25.083] [info] 'glmin3_r': Parameter update for the damped-model: minimum_activation was 0.01 but is now 0.01
[2021-01-11 12:47:25.084] [info] 'grac_r': Parameter update for the damped-model: minimum_activation was 0.01 but is now 0.01
[2021-01-11 12:47:25.087] [info] 'iliacus_r': Parameter update for the damped-model: minimum_activation was 0.01 but is now 0.01
[2021-01-11 12:47:25.089] [info] 'perbrev_r': Parameter update for the damped-model: minimum_activation was 0.01 but is now 0.01
[2021-01-11 12:47:25.090] [info] 'perlong_r': Parameter update for the damped-model: minimum_activation was 0.01 but is now 0.01
[2021-01-11 12:47:25.091] [info] 'piri_r': Parameter update for the damped-model: minimum_activation was 0.01 but is now 0.01
[2021-01-11 12:47:25.093] [info] 'psoas_r': Parameter update for the damped-model: minimum_activation was 0.01 but is now 0.01
[2021-01-11 12:47:25.094] [info] 'recfem_r': Parameter update for the damped-model: minimum_activation was 0.01 but is now 0.01
[2021-01-11 12:47:25.095] [info] 'sart_r': Parameter update for the damped-model: minimum_activation was 0.01 but is now 0.01
[2021-01-11 12:47:25.097] [info] 'semimem_r': Parameter update for the damped-model: minimum_activation was 0.01 but is now 0.01
[2021-01-11 12:47:25.098] [info] 'semiten_r': Parameter update for the damped-model: minimum_activation was 0.01 but is now 0.01
[2021-01-11 12:47:25.099] [info] 'soleus_r': Parameter update for the damped-model: minimum_activation was 0.01 but is now 0.01
[2021-01-11 12:47:25.101] [info] 'tfl_r': Parameter update for the damped-model: minimum_activation was 0.01 but is now 0.01
[2021-01-11 12:47:25.103] [info] 'tibant_r': Parameter update for the damped-model: minimum_activation was 0.01 but is now 0.01
[2021-01-11 12:47:25.104] [info] 'tibpost_r': Parameter update for the damped-model: minimum_activation was 0.01 but is now 0.01
[2021-01-11 12:47:25.105] [info] 'vasint_r': Parameter update for the damped-model: minimum_activation was 0.01 but is now 0.01
[2021-01-11 12:47:25.107] [info] 'vaslat_r': Parameter update for the damped-model: minimum_activation was 0.01 but is now 0.01
[2021-01-11 12:47:25.108] [info] 'vasmed_r': Parameter update for the damped-model: minimum_activation was 0.01 but is now 0.01
[2021-01-11 12:47:25.110] [info] 'addbrev_l': Parameter update for the damped-model: minimum_activation was 0.01 but is now 0.01
[2021-01-11 12:47:25.111] [info] 'addlong_l': Parameter update for the damped-model: minimum_activation was 0.01 but is now 0.01
[2021-01-11 12:47:25.112] [info] 'addmagDist_l': Parameter update for the damped-model: minimum_activation was 0.01 but is now 0.01
[2021-01-11 12:47:25.113] [info] 'addmagIsch_l': Parameter update for the damped-model: minimum_activation was 0.01 but is now 0.01
[2021-01-11 12:47:25.115] [info] 'addmagMid_l': Parameter update for the damped-model: minimum_activation was 0.01 but is now 0.01
[2021-01-11 12:47:25.116] [info] 'addmagProx_l': Parameter update for the damped-model: minimum_activation was 0.01 but is now 0.01
[2021-01-11 12:47:25.119] [info] 'bflh_l': Parameter update for the damped-model: minimum_activation was 0.01 but is now 0.01
[2021-01-11 12:47:25.121] [info] 'bfsh_l': Parameter update for the damped-model: minimum_activation was 0.01 but is now 0.01
[2021-01-11 12:47:25.122] [info] 'edl_l': Parameter update for the damped-model: minimum_activation was 0.01 but is now 0.01
[2021-01-11 12:47:25.124] [info] 'ehl_l': Parameter update for the damped-model: minimum_activation was 0.01 but is now 0.01
[2021-01-11 12:47:25.126] [info] 'fdl_l': Parameter update for the damped-model: minimum_activation was 0.01 but is now 0.01
[2021-01-11 12:47:25.128] [info] 'fhl_l': Parameter update for the damped-model: minimum_activation was 0.01 but is now 0.01
[2021-01-11 12:47:25.129] [info] 'gaslat_l': Parameter update for the damped-model: minimum_activation was 0.01 but is now 0.01
[2021-01-11 12:47:25.131] [info] 'gasmed_l': Parameter update for the damped-model: minimum_activation was 0.01 but is now 0.01
[2021-01-11 12:47:25.134] [info] 'glmax1_l': Parameter update for the damped-model: minimum_activation was 0.01 but is now 0.01
[2021-01-11 12:47:25.136] [info] 'glmax2_l': Parameter update for the damped-model: minimum_activation was 0.01 but is now 0.01
[2021-01-11 12:47:25.138] [info] 'glmax3_l': Parameter update for the damped-model: minimum_activation was 0.01 but is now 0.01
[2021-01-11 12:47:25.139] [info] 'glmed1_l': Parameter update for the damped-model: minimum_activation was 0.01 but is now 0.01
[2021-01-11 12:47:25.141] [info] 'glmed2_l': Parameter update for the damped-model: minimum_activation was 0.01 but is now 0.01
[2021-01-11 12:47:25.142] [info] 'glmed3_l': Parameter update for the damped-model: minimum_activation was 0.01 but is now 0.01
[2021-01-11 12:47:25.144] [info] 'glmin1_l': Parameter update for the damped-model: minimum_activation was 0.01 but is now 0.01
[2021-01-11 12:47:25.146] [info] 'glmin2_l': Parameter update for the damped-model: minimum_activation was 0.01 but is now 0.01
[2021-01-11 12:47:25.147] [info] 'glmin3_l': Parameter update for the damped-model: minimum_activation was 0.01 but is now 0.01
[2021-01-11 12:47:25.149] [info] 'grac_l': Parameter update for the damped-model: minimum_activation was 0.01 but is now 0.01
[2021-01-11 12:47:25.151] [info] 'iliacus_l': Parameter update for the damped-model: minimum_activation was 0.01 but is now 0.01
[2021-01-11 12:47:25.152] [info] 'perbrev_l': Parameter update for the damped-model: minimum_activation was 0.01 but is now 0.01
[2021-01-11 12:47:25.154] [info] 'perlong_l': Parameter update for the damped-model: minimum_activation was 0.01 but is now 0.01
[2021-01-11 12:47:25.155] [info] 'piri_l': Parameter update for the damped-model: minimum_activation was 0.01 but is now 0.01
[2021-01-11 12:47:25.157] [info] 'psoas_l': Parameter update for the damped-model: minimum_activation was 0.01 but is now 0.01
[2021-01-11 12:47:25.158] [info] 'recfem_l': Parameter update for the damped-model: minimum_activation was 0.01 but is now 0.01
[2021-01-11 12:47:25.160] [info] 'sart_l': Parameter update for the damped-model: minimum_activation was 0.01 but is now 0.01
[2021-01-11 12:47:25.161] [info] 'semimem_l': Parameter update for the damped-model: minimum_activation was 0.01 but is now 0.01
[2021-01-11 12:47:25.164] [info] 'semiten_l': Parameter update for the damped-model: minimum_activation was 0.01 but is now 0.01
[2021-01-11 12:47:25.167] [info] 'soleus_l': Parameter update for the damped-model: minimum_activation was 0.01 but is now 0.01
[2021-01-11 12:47:25.169] [info] 'tfl_l': Parameter update for the damped-model: minimum_activation was 0.01 but is now 0.01
[2021-01-11 12:47:25.170] [info] 'tibant_l': Parameter update for the damped-model: minimum_activation was 0.01 but is now 0.01
[2021-01-11 12:47:25.171] [info] 'tibpost_l': Parameter update for the damped-model: minimum_activation was 0.01 but is now 0.01
[2021-01-11 12:47:25.173] [info] 'vasint_l': Parameter update for the damped-model: minimum_activation was 0.01 but is now 0.01
[2021-01-11 12:47:25.174] [info] 'vaslat_l': Parameter update for the damped-model: minimum_activation was 0.01 but is now 0.01
[2021-01-11 12:47:25.175] [info] 'vasmed_l': Parameter update for the damped-model: minimum_activation was 0.01 but is now 0.01
[2021-01-11 12:47:25.239] [info] 'addbrev_r': Parameter update for the damped-model: minimum_activation was 0.01 but is now 0.01
[2021-01-11 12:47:25.241] [info] 'addlong_r': Parameter update for the damped-model: minimum_activation was 0.01 but is now 0.01
[2021-01-11 12:47:25.242] [info] 'addmagDist_r': Parameter update for the damped-model: minimum_activation was 0.01 but is now 0.01
[2021-01-11 12:47:25.244] [info] 'addmagIsch_r': Parameter update for the damped-model: minimum_activation was 0.01 but is now 0.01
[2021-01-11 12:47:25.245] [info] 'addmagMid_r': Parameter update for the damped-model: minimum_activation was 0.01 but is now 0.01
[2021-01-11 12:47:25.246] [info] 'addmagProx_r': Parameter update for the damped-model: minimum_activation was 0.01 but is now 0.01
[2021-01-11 12:47:25.247] [info] 'bflh_r': Parameter update for the damped-model: minimum_activation was 0.01 but is now 0.01
[2021-01-11 12:47:25.248] [info] 'bfsh_r': Parameter update for the damped-model: minimum_activation was 0.01 but is now 0.01
[2021-01-11 12:47:25.249] [info] 'edl_r': Parameter update for the damped-model: minimum_activation was 0.01 but is now 0.01
[2021-01-11 12:47:25.251] [info] 'ehl_r': Parameter update for the damped-model: minimum_activation was 0.01 but is now 0.01
[2021-01-11 12:47:25.252] [info] 'fdl_r': Parameter update for the damped-model: minimum_activation was 0.01 but is now 0.01
[2021-01-11 12:47:25.253] [info] 'fhl_r': Parameter update for the damped-model: minimum_activation was 0.01 but is now 0.01
[2021-01-11 12:47:25.254] [info] 'gaslat_r': Parameter update for the damped-model: minimum_activation was 0.01 but is now 0.01
[2021-01-11 12:47:25.256] [info] 'gasmed_r': Parameter update for the damped-model: minimum_activation was 0.01 but is now 0.01
[2021-01-11 12:47:25.258] [info] 'glmax1_r': Parameter update for the damped-model: minimum_activation was 0.01 but is now 0.01
[2021-01-11 12:47:25.260] [info] 'glmax2_r': Parameter update for the damped-model: minimum_activation was 0.01 but is now 0.01
[2021-01-11 12:47:25.261] [info] 'glmax3_r': Parameter update for the damped-model: minimum_activation was 0.01 but is now 0.01
[2021-01-11 12:47:25.263] [info] 'glmed1_r': Parameter update for the damped-model: minimum_activation was 0.01 but is now 0.01
[2021-01-11 12:47:25.264] [info] 'glmed2_r': Parameter update for the damped-model: minimum_activation was 0.01 but is now 0.01
[2021-01-11 12:47:25.266] [info] 'glmed3_r': Parameter update for the damped-model: minimum_activation was 0.01 but is now 0.01
[2021-01-11 12:47:25.267] [info] 'glmin1_r': Parameter update for the damped-model: minimum_activation was 0.01 but is now 0.01
[2021-01-11 12:47:25.269] [info] 'glmin2_r': Parameter update for the damped-model: minimum_activation was 0.01 but is now 0.01
[2021-01-11 12:47:25.270] [info] 'glmin3_r': Parameter update for the damped-model: minimum_activation was 0.01 but is now 0.01
[2021-01-11 12:47:25.272] [info] 'grac_r': Parameter update for the damped-model: minimum_activation was 0.01 but is now 0.01
[2021-01-11 12:47:25.275] [info] 'iliacus_r': Parameter update for the damped-model: minimum_activation was 0.01 but is now 0.01
[2021-01-11 12:47:25.279] [info] 'perbrev_r': Parameter update for the damped-model: minimum_activation was 0.01 but is now 0.01
[2021-01-11 12:47:25.281] [info] 'perlong_r': Parameter update for the damped-model: minimum_activation was 0.01 but is now 0.01
[2021-01-11 12:47:25.282] [info] 'piri_r': Parameter update for the damped-model: minimum_activation was 0.01 but is now 0.01
[2021-01-11 12:47:25.284] [info] 'psoas_r': Parameter update for the damped-model: minimum_activation was 0.01 but is now 0.01
[2021-01-11 12:47:25.285] [info] 'recfem_r': Parameter update for the damped-model: minimum_activation was 0.01 but is now 0.01
[2021-01-11 12:47:25.287] [info] 'sart_r': Parameter update for the damped-model: minimum_activation was 0.01 but is now 0.01
[2021-01-11 12:47:25.289] [info] 'semimem_r': Parameter update for the damped-model: minimum_activation was 0.01 but is now 0.01
[2021-01-11 12:47:25.290] [info] 'semiten_r': Parameter update for the damped-model: minimum_activation was 0.01 but is now 0.01
[2021-01-11 12:47:25.291] [info] 'soleus_r': Parameter update for the damped-model: minimum_activation was 0.01 but is now 0.01
[2021-01-11 12:47:25.293] [info] 'tfl_r': Parameter update for the damped-model: minimum_activation was 0.01 but is now 0.01
[2021-01-11 12:47:25.294] [info] 'tibant_r': Parameter update for the damped-model: minimum_activation was 0.01 but is now 0.01
[2021-01-11 12:47:25.295] [info] 'tibpost_r': Parameter update for the damped-model: minimum_activation was 0.01 but is now 0.01
[2021-01-11 12:47:25.297] [info] 'vasint_r': Parameter update for the damped-model: minimum_activation was 0.01 but is now 0.01
[2021-01-11 12:47:25.298] [info] 'vaslat_r': Parameter update for the damped-model: minimum_activation was 0.01 but is now 0.01
[2021-01-11 12:47:25.299] [info] 'vasmed_r': Parameter update for the damped-model: minimum_activation was 0.01 but is now 0.01
[2021-01-11 12:47:25.300] [info] 'addbrev_l': Parameter update for the damped-model: minimum_activation was 0.01 but is now 0.01
[2021-01-11 12:47:25.301] [info] 'addlong_l': Parameter update for the damped-model: minimum_activation was 0.01 but is now 0.01
[2021-01-11 12:47:25.303] [info] 'addmagDist_l': Parameter update for the damped-model: minimum_activation was 0.01 but is now 0.01
[2021-01-11 12:47:25.306] [info] 'addmagIsch_l': Parameter update for the damped-model: minimum_activation was 0.01 but is now 0.01
[2021-01-11 12:47:25.307] [info] 'addmagMid_l': Parameter update for the damped-model: minimum_activation was 0.01 but is now 0.01
[2021-01-11 12:47:25.309] [info] 'addmagProx_l': Parameter update for the damped-model: minimum_activation was 0.01 but is now 0.01
[2021-01-11 12:47:25.311] [info] 'bflh_l': Parameter update for the damped-model: minimum_activation was 0.01 but is now 0.01
[2021-01-11 12:47:25.312] [info] 'bfsh_l': Parameter update for the damped-model: minimum_activation was 0.01 but is now 0.01
[2021-01-11 12:47:25.314] [info] 'edl_l': Parameter update for the damped-model: minimum_activation was 0.01 but is now 0.01
[2021-01-11 12:47:25.315] [info] 'ehl_l': Parameter update for the damped-model: minimum_activation was 0.01 but is now 0.01
[2021-01-11 12:47:25.317] [info] 'fdl_l': Parameter update for the damped-model: minimum_activation was 0.01 but is now 0.01
[2021-01-11 12:47:25.319] [info] 'fhl_l': Parameter update for the damped-model: minimum_activation was 0.01 but is now 0.01
[2021-01-11 12:47:25.322] [info] 'gaslat_l': Parameter update for the damped-model: minimum_activation was 0.01 but is now 0.01
[2021-01-11 12:47:25.325] [info] 'gasmed_l': Parameter update for the damped-model: minimum_activation was 0.01 but is now 0.01
[2021-01-11 12:47:25.327] [info] 'glmax1_l': Parameter update for the damped-model: minimum_activation was 0.01 but is now 0.01
[2021-01-11 12:47:25.329] [info] 'glmax2_l': Parameter update for the damped-model: minimum_activation was 0.01 but is now 0.01
[2021-01-11 12:47:25.330] [info] 'glmax3_l': Parameter update for the damped-model: minimum_activation was 0.01 but is now 0.01
[2021-01-11 12:47:25.332] [info] 'glmed1_l': Parameter update for the damped-model: minimum_activation was 0.01 but is now 0.01
[2021-01-11 12:47:25.334] [info] 'glmed2_l': Parameter update for the damped-model: minimum_activation was 0.01 but is now 0.01
[2021-01-11 12:47:25.336] [info] 'glmed3_l': Parameter update for the damped-model: minimum_activation was 0.01 but is now 0.01
[2021-01-11 12:47:25.337] [info] 'glmin1_l': Parameter update for the damped-model: minimum_activation was 0.01 but is now 0.01
[2021-01-11 12:47:25.339] [info] 'glmin2_l': Parameter update for the damped-model: minimum_activation was 0.01 but is now 0.01
[2021-01-11 12:47:25.340] [info] 'glmin3_l': Parameter update for the damped-model: minimum_activation was 0.01 but is now 0.01
[2021-01-11 12:47:25.342] [info] 'grac_l': Parameter update for the damped-model: minimum_activation was 0.01 but is now 0.01
[2021-01-11 12:47:25.344] [info] 'iliacus_l': Parameter update for the damped-model: minimum_activation was 0.01 but is now 0.01
[2021-01-11 12:47:25.345] [info] 'perbrev_l': Parameter update for the damped-model: minimum_activation was 0.01 but is now 0.01
[2021-01-11 12:47:25.347] [info] 'perlong_l': Parameter update for the damped-model: minimum_activation was 0.01 but is now 0.01
[2021-01-11 12:47:25.349] [info] 'piri_l': Parameter update for the damped-model: minimum_activation was 0.01 but is now 0.01
[2021-01-11 12:47:25.350] [info] 'psoas_l': Parameter update for the damped-model: minimum_activation was 0.01 but is now 0.01
[2021-01-11 12:47:25.352] [info] 'recfem_l': Parameter update for the damped-model: minimum_activation was 0.01 but is now 0.01
[2021-01-11 12:47:25.353] [info] 'sart_l': Parameter update for the damped-model: minimum_activation was 0.01 but is now 0.01
[2021-01-11 12:47:25.354] [info] 'semimem_l': Parameter update for the damped-model: minimum_activation was 0.01 but is now 0.01
[2021-01-11 12:47:25.355] [info] 'semiten_l': Parameter update for the damped-model: minimum_activation was 0.01 but is now 0.01
[2021-01-11 12:47:25.356] [info] 'soleus_l': Parameter update for the damped-model: minimum_activation was 0.01 but is now 0.01
[2021-01-11 12:47:25.358] [info] 'tfl_l': Parameter update for the damped-model: minimum_activation was 0.01 but is now 0.01
[2021-01-11 12:47:25.359] [info] 'tibant_l': Parameter update for the damped-model: minimum_activation was 0.01 but is now 0.01
[2021-01-11 12:47:25.361] [info] 'tibpost_l': Parameter update for the damped-model: minimum_activation was 0.01 but is now 0.01
[2021-01-11 12:47:25.362] [info] 'vasint_l': Parameter update for the damped-model: minimum_activation was 0.01 but is now 0.01
[2021-01-11 12:47:25.364] [info] 'vaslat_l': Parameter update for the damped-model: minimum_activation was 0.01 but is now 0.01
[2021-01-11 12:47:25.367] [info] 'vasmed_l': Parameter update for the damped-model: minimum_activation was 0.01 but is now 0.01
[2021-01-11 12:48:55.808] [info] Loaded model Rajagopal_hipfix from file Rajagopal_40_abdChg_passiveCalib_updatedmarkers.osim
[2021-01-11 12:48:55.826] [info] 'addbrev_r': Parameter update for the damped-model: minimum_activation was 0.01 but is now 0.01
[2021-01-11 12:48:55.831] [info] 'addlong_r': Parameter update for the damped-model: minimum_activation was 0.01 but is now 0.01
[2021-01-11 12:48:55.836] [info] 'addmagDist_r': Parameter update for the damped-model: minimum_activation was 0.01 but is now 0.01
[2021-01-11 12:48:55.840] [info] 'addmagIsch_r': Parameter update for the damped-model: minimum_activation was 0.01 but is now 0.01
[2021-01-11 12:48:55.844] [info] 'addmagMid_r': Parameter update for the damped-model: minimum_activation was 0.01 but is now 0.01
[2021-01-11 12:48:55.849] [info] 'addmagProx_r': Parameter update for the damped-model: minimum_activation was 0.01 but is now 0.01
[2021-01-11 12:48:55.853] [info] 'bflh_r': Parameter update for the damped-model: minimum_activation was 0.01 but is now 0.01
[2021-01-11 12:48:55.857] [info] 'bfsh_r': Parameter update for the damped-model: minimum_activation was 0.01 but is now 0.01
[2021-01-11 12:48:55.862] [info] 'edl_r': Parameter update for the damped-model: minimum_activation was 0.01 but is now 0.01
[2021-01-11 12:48:55.866] [info] 'ehl_r': Parameter update for the damped-model: minimum_activation was 0.01 but is now 0.01
[2021-01-11 12:48:55.870] [info] 'fdl_r': Parameter update for the damped-model: minimum_activation was 0.01 but is now 0.01
[2021-01-11 12:48:55.874] [info] 'fhl_r': Parameter update for the damped-model: minimum_activation was 0.01 but is now 0.01
[2021-01-11 12:48:55.883] [info] 'gaslat_r': Parameter update for the damped-model: minimum_activation was 0.01 but is now 0.01
[2021-01-11 12:48:55.887] [info] 'gasmed_r': Parameter update for the damped-model: minimum_activation was 0.01 but is now 0.01
[2021-01-11 12:48:55.893] [info] 'glmax1_r': Parameter update for the damped-model: minimum_activation was 0.01 but is now 0.01
[2021-01-11 12:48:55.897] [info] 'glmax2_r': Parameter update for the damped-model: minimum_activation was 0.01 but is now 0.01
[2021-01-11 12:48:55.901] [info] 'glmax3_r': Parameter update for the damped-model: minimum_activation was 0.01 but is now 0.01
[2021-01-11 12:48:55.905] [info] 'glmed1_r': Parameter update for the damped-model: minimum_activation was 0.01 but is now 0.01
[2021-01-11 12:48:55.910] [info] 'glmed2_r': Parameter update for the damped-model: minimum_activation was 0.01 but is now 0.01
[2021-01-11 12:48:55.914] [info] 'glmed3_r': Parameter update for the damped-model: minimum_activation was 0.01 but is now 0.01
[2021-01-11 12:48:55.919] [info] 'glmin1_r': Parameter update for the damped-model: minimum_activation was 0.01 but is now 0.01
[2021-01-11 12:48:55.923] [info] 'glmin2_r': Parameter update for the damped-model: minimum_activation was 0.01 but is now 0.01
[2021-01-11 12:48:55.927] [info] 'glmin3_r': Parameter update for the damped-model: minimum_activation was 0.01 but is now 0.01
[2021-01-11 12:48:55.931] [info] 'grac_r': Parameter update for the damped-model: minimum_activation was 0.01 but is now 0.01
[2021-01-11 12:48:55.936] [info] 'iliacus_r': Parameter update for the damped-model: minimum_activation was 0.01 but is now 0.01
[2021-01-11 12:48:55.941] [info] 'perbrev_r': Parameter update for the damped-model: minimum_activation was 0.01 but is now 0.01
[2021-01-11 12:48:55.945] [info] 'perlong_r': Parameter update for the damped-model: minimum_activation was 0.01 but is now 0.01
[2021-01-11 12:48:55.949] [info] 'piri_r': Parameter update for the damped-model: minimum_activation was 0.01 but is now 0.01
[2021-01-11 12:48:55.954] [info] 'psoas_r': Parameter update for the damped-model: minimum_activation was 0.01 but is now 0.01
[2021-01-11 12:48:55.959] [info] 'recfem_r': Parameter update for the damped-model: minimum_activation was 0.01 but is now 0.01
[2021-01-11 12:48:55.963] [info] 'sart_r': Parameter update for the damped-model: minimum_activation was 0.01 but is now 0.01
[2021-01-11 12:48:55.968] [info] 'semimem_r': Parameter update for the damped-model: minimum_activation was 0.01 but is now 0.01
[2021-01-11 12:48:55.972] [info] 'semiten_r': Parameter update for the damped-model: minimum_activation was 0.01 but is now 0.01
[2021-01-11 12:48:55.976] [info] 'soleus_r': Parameter update for the damped-model: minimum_activation was 0.01 but is now 0.01
[2021-01-11 12:48:55.981] [info] 'tfl_r': Parameter update for the damped-model: minimum_activation was 0.01 but is now 0.01
[2021-01-11 12:48:55.985] [info] 'tibant_r': Parameter update for the damped-model: minimum_activation was 0.01 but is now 0.01
[2021-01-11 12:48:55.989] [info] 'tibpost_r': Parameter update for the damped-model: minimum_activation was 0.01 but is now 0.01
[2021-01-11 12:48:55.994] [info] 'vasint_r': Parameter update for the damped-model: minimum_activation was 0.01 but is now 0.01
[2021-01-11 12:48:55.999] [info] 'vaslat_r': Parameter update for the damped-model: minimum_activation was 0.01 but is now 0.01
[2021-01-11 12:48:56.004] [info] 'vasmed_r': Parameter update for the damped-model: minimum_activation was 0.01 but is now 0.01
[2021-01-11 12:48:56.009] [info] 'addbrev_l': Parameter update for the damped-model: minimum_activation was 0.01 but is now 0.01
[2021-01-11 12:48:56.013] [info] 'addlong_l': Parameter update for the damped-model: minimum_activation was 0.01 but is now 0.01
[2021-01-11 12:48:56.018] [info] 'addmagDist_l': Parameter update for the damped-model: minimum_activation was 0.01 but is now 0.01
[2021-01-11 12:48:56.023] [info] 'addmagIsch_l': Parameter update for the damped-model: minimum_activation was 0.01 but is now 0.01
[2021-01-11 12:48:56.027] [info] 'addmagMid_l': Parameter update for the damped-model: minimum_activation was 0.01 but is now 0.01
[2021-01-11 12:48:56.032] [info] 'addmagProx_l': Parameter update for the damped-model: minimum_activation was 0.01 but is now 0.01
[2021-01-11 12:48:56.037] [info] 'bflh_l': Parameter update for the damped-model: minimum_activation was 0.01 but is now 0.01
[2021-01-11 12:48:56.041] [info] 'bfsh_l': Parameter update for the damped-model: minimum_activation was 0.01 but is now 0.01
[2021-01-11 12:48:56.046] [info] 'edl_l': Parameter update for the damped-model: minimum_activation was 0.01 but is now 0.01
[2021-01-11 12:48:56.050] [info] 'ehl_l': Parameter update for the damped-model: minimum_activation was 0.01 but is now 0.01
[2021-01-11 12:48:56.055] [info] 'fdl_l': Parameter update for the damped-model: minimum_activation was 0.01 but is now 0.01
[2021-01-11 12:48:56.059] [info] 'fhl_l': Parameter update for the damped-model: minimum_activation was 0.01 but is now 0.01
[2021-01-11 12:48:56.063] [info] 'gaslat_l': Parameter update for the damped-model: minimum_activation was 0.01 but is now 0.01
[2021-01-11 12:48:56.067] [info] 'gasmed_l': Parameter update for the damped-model: minimum_activation was 0.01 but is now 0.01
[2021-01-11 12:48:56.072] [info] 'glmax1_l': Parameter update for the damped-model: minimum_activation was 0.01 but is now 0.01
[2021-01-11 12:48:56.076] [info] 'glmax2_l': Parameter update for the damped-model: minimum_activation was 0.01 but is now 0.01
[2021-01-11 12:48:56.080] [info] 'glmax3_l': Parameter update for the damped-model: minimum_activation was 0.01 but is now 0.01
[2021-01-11 12:48:56.085] [info] 'glmed1_l': Parameter update for the damped-model: minimum_activation was 0.01 but is now 0.01
[2021-01-11 12:48:56.090] [info] 'glmed2_l': Parameter update for the damped-model: minimum_activation was 0.01 but is now 0.01
[2021-01-11 12:48:56.094] [info] 'glmed3_l': Parameter update for the damped-model: minimum_activation was 0.01 but is now 0.01
[2021-01-11 12:48:56.099] [info] 'glmin1_l': Parameter update for the damped-model: minimum_activation was 0.01 but is now 0.01
[2021-01-11 12:48:56.103] [info] 'glmin2_l': Parameter update for the damped-model: minimum_activation was 0.01 but is now 0.01
[2021-01-11 12:48:56.107] [info] 'glmin3_l': Parameter update for the damped-model: minimum_activation was 0.01 but is now 0.01
[2021-01-11 12:48:56.112] [info] 'grac_l': Parameter update for the damped-model: minimum_activation was 0.01 but is now 0.01
[2021-01-11 12:48:56.116] [info] 'iliacus_l': Parameter update for the damped-model: minimum_activation was 0.01 but is now 0.01
[2021-01-11 12:48:56.120] [info] 'perbrev_l': Parameter update for the damped-model: minimum_activation was 0.01 but is now 0.01
[2021-01-11 12:48:56.125] [info] 'perlong_l': Parameter update for the damped-model: minimum_activation was 0.01 but is now 0.01
[2021-01-11 12:48:56.130] [info] 'piri_l': Parameter update for the damped-model: minimum_activation was 0.01 but is now 0.01
[2021-01-11 12:48:56.134] [info] 'psoas_l': Parameter update for the damped-model: minimum_activation was 0.01 but is now 0.01
[2021-01-11 12:48:56.139] [info] 'recfem_l': Parameter update for the damped-model: minimum_activation was 0.01 but is now 0.01
[2021-01-11 12:48:56.143] [info] 'sart_l': Parameter update for the damped-model: minimum_activation was 0.01 but is now 0.01
[2021-01-11 12:48:56.147] [info] 'semimem_l': Parameter update for the damped-model: minimum_activation was 0.01 but is now 0.01
[2021-01-11 12:48:56.151] [info] 'semiten_l': Parameter update for the damped-model: minimum_activation was 0.01 but is now 0.01
[2021-01-11 12:48:56.156] [info] 'soleus_l': Parameter update for the damped-model: minimum_activation was 0.01 but is now 0.01
[2021-01-11 12:48:56.160] [info] 'tfl_l': Parameter update for the damped-model: minimum_activation was 0.01 but is now 0.01
[2021-01-11 12:48:56.164] [info] 'tibant_l': Parameter update for the damped-model: minimum_activation was 0.01 but is now 0.01
[2021-01-11 12:48:56.169] [info] 'tibpost_l': Parameter update for the damped-model: minimum_activation was 0.01 but is now 0.01
[2021-01-11 12:48:56.174] [info] 'vasint_l': Parameter update for the damped-model: minimum_activation was 0.01 but is now 0.01
[2021-01-11 12:48:56.178] [info] 'vaslat_l': Parameter update for the damped-model: minimum_activation was 0.01 but is now 0.01
[2021-01-11 12:48:56.183] [info] 'vasmed_l': Parameter update for the damped-model: minimum_activation was 0.01 but is now 0.01
[2021-01-11 12:48:56.294] [info] 'addbrev_r': Parameter update for the damped-model: minimum_activation was 0.01 but is now 0.01
[2021-01-11 12:48:56.296] [info] 'addlong_r': Parameter update for the damped-model: minimum_activation was 0.01 but is now 0.01
[2021-01-11 12:48:56.298] [info] 'addmagDist_r': Parameter update for the damped-model: minimum_activation was 0.01 but is now 0.01
[2021-01-11 12:48:56.300] [info] 'addmagIsch_r': Parameter update for the damped-model: minimum_activation was 0.01 but is now 0.01
[2021-01-11 12:48:56.301] [info] 'addmagMid_r': Parameter update for the damped-model: minimum_activation was 0.01 but is now 0.01
[2021-01-11 12:48:56.302] [info] 'addmagProx_r': Parameter update for the damped-model: minimum_activation was 0.01 but is now 0.01
[2021-01-11 12:48:56.304] [info] 'bflh_r': Parameter update for the damped-model: minimum_activation was 0.01 but is now 0.01
[2021-01-11 12:48:56.305] [info] 'bfsh_r': Parameter update for the damped-model: minimum_activation was 0.01 but is now 0.01
[2021-01-11 12:48:56.306] [info] 'edl_r': Parameter update for the damped-model: minimum_activation was 0.01 but is now 0.01
[2021-01-11 12:48:56.308] [info] 'ehl_r': Parameter update for the damped-model: minimum_activation was 0.01 but is now 0.01
[2021-01-11 12:48:56.309] [info] 'fdl_r': Parameter update for the damped-model: minimum_activation was 0.01 but is now 0.01
[2021-01-11 12:48:56.310] [info] 'fhl_r': Parameter update for the damped-model: minimum_activation was 0.01 but is now 0.01
[2021-01-11 12:48:56.312] [info] 'gaslat_r': Parameter update for the damped-model: minimum_activation was 0.01 but is now 0.01
[2021-01-11 12:48:56.315] [info] 'gasmed_r': Parameter update for the damped-model: minimum_activation was 0.01 but is now 0.01
[2021-01-11 12:48:56.317] [info] 'glmax1_r': Parameter update for the damped-model: minimum_activation was 0.01 but is now 0.01
[2021-01-11 12:48:56.319] [info] 'glmax2_r': Parameter update for the damped-model: minimum_activation was 0.01 but is now 0.01
[2021-01-11 12:48:56.321] [info] 'glmax3_r': Parameter update for the damped-model: minimum_activation was 0.01 but is now 0.01
[2021-01-11 12:48:56.323] [info] 'glmed1_r': Parameter update for the damped-model: minimum_activation was 0.01 but is now 0.01
[2021-01-11 12:48:56.324] [info] 'glmed2_r': Parameter update for the damped-model: minimum_activation was 0.01 but is now 0.01
[2021-01-11 12:48:56.325] [info] 'glmed3_r': Parameter update for the damped-model: minimum_activation was 0.01 but is now 0.01
[2021-01-11 12:48:56.326] [info] 'glmin1_r': Parameter update for the damped-model: minimum_activation was 0.01 but is now 0.01
[2021-01-11 12:48:56.328] [info] 'glmin2_r': Parameter update for the damped-model: minimum_activation was 0.01 but is now 0.01
[2021-01-11 12:48:56.330] [info] 'glmin3_r': Parameter update for the damped-model: minimum_activation was 0.01 but is now 0.01
[2021-01-11 12:48:56.331] [info] 'grac_r': Parameter update for the damped-model: minimum_activation was 0.01 but is now 0.01
[2021-01-11 12:48:56.332] [info] 'iliacus_r': Parameter update for the damped-model: minimum_activation was 0.01 but is now 0.01
[2021-01-11 12:48:56.334] [info] 'perbrev_r': Parameter update for the damped-model: minimum_activation was 0.01 but is now 0.01
[2021-01-11 12:48:56.335] [info] 'perlong_r': Parameter update for the damped-model: minimum_activation was 0.01 but is now 0.01
[2021-01-11 12:48:56.336] [info] 'piri_r': Parameter update for the damped-model: minimum_activation was 0.01 but is now 0.01
[2021-01-11 12:48:56.340] [info] 'psoas_r': Parameter update for the damped-model: minimum_activation was 0.01 but is now 0.01
[2021-01-11 12:48:56.343] [info] 'recfem_r': Parameter update for the damped-model: minimum_activation was 0.01 but is now 0.01
[2021-01-11 12:48:56.346] [info] 'sart_r': Parameter update for the damped-model: minimum_activation was 0.01 but is now 0.01
[2021-01-11 12:48:56.349] [info] 'semimem_r': Parameter update for the damped-model: minimum_activation was 0.01 but is now 0.01
[2021-01-11 12:48:56.353] [info] 'semiten_r': Parameter update for the damped-model: minimum_activation was 0.01 but is now 0.01
[2021-01-11 12:48:56.356] [info] 'soleus_r': Parameter update for the damped-model: minimum_activation was 0.01 but is now 0.01
[2021-01-11 12:48:56.359] [info] 'tfl_r': Parameter update for the damped-model: minimum_activation was 0.01 but is now 0.01
[2021-01-11 12:48:56.362] [info] 'tibant_r': Parameter update for the damped-model: minimum_activation was 0.01 but is now 0.01
[2021-01-11 12:48:56.366] [info] 'tibpost_r': Parameter update for the damped-model: minimum_activation was 0.01 but is now 0.01
[2021-01-11 12:48:56.369] [info] 'vasint_r': Parameter update for the damped-model: minimum_activation was 0.01 but is now 0.01
[2021-01-11 12:48:56.372] [info] 'vaslat_r': Parameter update for the damped-model: minimum_activation was 0.01 but is now 0.01
[2021-01-11 12:48:56.376] [info] 'vasmed_r': Parameter update for the damped-model: minimum_activation was 0.01 but is now 0.01
[2021-01-11 12:48:56.379] [info] 'addbrev_l': Parameter update for the damped-model: minimum_activation was 0.01 but is now 0.01
[2021-01-11 12:48:56.382] [info] 'addlong_l': Parameter update for the damped-model: minimum_activation was 0.01 but is now 0.01
[2021-01-11 12:48:56.385] [info] 'addmagDist_l': Parameter update for the damped-model: minimum_activation was 0.01 but is now 0.01
[2021-01-11 12:48:56.389] [info] 'addmagIsch_l': Parameter update for the damped-model: minimum_activation was 0.01 but is now 0.01
[2021-01-11 12:48:56.392] [info] 'addmagMid_l': Parameter update for the damped-model: minimum_activation was 0.01 but is now 0.01
[2021-01-11 12:48:56.395] [info] 'addmagProx_l': Parameter update for the damped-model: minimum_activation was 0.01 but is now 0.01
[2021-01-11 12:48:56.399] [info] 'bflh_l': Parameter update for the damped-model: minimum_activation was 0.01 but is now 0.01
[2021-01-11 12:48:56.403] [info] 'bfsh_l': Parameter update for the damped-model: minimum_activation was 0.01 but is now 0.01
[2021-01-11 12:48:56.408] [info] 'edl_l': Parameter update for the damped-model: minimum_activation was 0.01 but is now 0.01
[2021-01-11 12:48:56.412] [info] 'ehl_l': Parameter update for the damped-model: minimum_activation was 0.01 but is now 0.01
[2021-01-11 12:48:56.416] [info] 'fdl_l': Parameter update for the damped-model: minimum_activation was 0.01 but is now 0.01
[2021-01-11 12:48:56.421] [info] 'fhl_l': Parameter update for the damped-model: minimum_activation was 0.01 but is now 0.01
[2021-01-11 12:48:56.426] [info] 'gaslat_l': Parameter update for the damped-model: minimum_activation was 0.01 but is now 0.01
[2021-01-11 12:48:56.430] [info] 'gasmed_l': Parameter update for the damped-model: minimum_activation was 0.01 but is now 0.01
[2021-01-11 12:48:56.434] [info] 'glmax1_l': Parameter update for the damped-model: minimum_activation was 0.01 but is now 0.01
[2021-01-11 12:48:56.438] [info] 'glmax2_l': Parameter update for the damped-model: minimum_activation was 0.01 but is now 0.01
[2021-01-11 12:48:56.443] [info] 'glmax3_l': Parameter update for the damped-model: minimum_activation was 0.01 but is now 0.01
[2021-01-11 12:48:56.447] [info] 'glmed1_l': Parameter update for the damped-model: minimum_activation was 0.01 but is now 0.01
[2021-01-11 12:48:56.452] [info] 'glmed2_l': Parameter update for the damped-model: minimum_activation was 0.01 but is now 0.01
[2021-01-11 12:48:56.456] [info] 'glmed3_l': Parameter update for the damped-model: minimum_activation was 0.01 but is now 0.01
[2021-01-11 12:48:56.460] [info] 'glmin1_l': Parameter update for the damped-model: minimum_activation was 0.01 but is now 0.01
[2021-01-11 12:48:56.465] [info] 'glmin2_l': Parameter update for the damped-model: minimum_activation was 0.01 but is now 0.01
[2021-01-11 12:48:56.469] [info] 'glmin3_l': Parameter update for the damped-model: minimum_activation was 0.01 but is now 0.01
[2021-01-11 12:48:56.474] [info] 'grac_l': Parameter update for the damped-model: minimum_activation was 0.01 but is now 0.01
[2021-01-11 12:48:56.478] [info] 'iliacus_l': Parameter update for the damped-model: minimum_activation was 0.01 but is now 0.01
[2021-01-11 12:48:56.482] [info] 'perbrev_l': Parameter update for the damped-model: minimum_activation was 0.01 but is now 0.01
[2021-01-11 12:48:56.487] [info] 'perlong_l': Parameter update for the damped-model: minimum_activation was 0.01 but is now 0.01
[2021-01-11 12:48:56.495] [info] 'piri_l': Parameter update for the damped-model: minimum_activation was 0.01 but is now 0.01
[2021-01-11 12:48:56.499] [info] 'psoas_l': Parameter update for the damped-model: minimum_activation was 0.01 but is now 0.01
[2021-01-11 12:48:56.504] [info] 'recfem_l': Parameter update for the damped-model: minimum_activation was 0.01 but is now 0.01
[2021-01-11 12:48:56.509] [info] 'sart_l': Parameter update for the damped-model: minimum_activation was 0.01 but is now 0.01
[2021-01-11 12:48:56.513] [info] 'semimem_l': Parameter update for the damped-model: minimum_activation was 0.01 but is now 0.01
[2021-01-11 12:48:56.522] [info] 'semiten_l': Parameter update for the damped-model: minimum_activation was 0.01 but is now 0.01
[2021-01-11 12:48:56.529] [info] 'soleus_l': Parameter update for the damped-model: minimum_activation was 0.01 but is now 0.01
[2021-01-11 12:48:56.534] [info] 'tfl_l': Parameter update for the damped-model: minimum_activation was 0.01 but is now 0.01
[2021-01-11 12:48:56.538] [info] 'tibant_l': Parameter update for the damped-model: minimum_activation was 0.01 but is now 0.01
[2021-01-11 12:48:56.542] [info] 'tibpost_l': Parameter update for the damped-model: minimum_activation was 0.01 but is now 0.01
[2021-01-11 12:48:56.547] [info] 'vasint_l': Parameter update for the damped-model: minimum_activation was 0.01 but is now 0.01
[2021-01-11 12:48:56.551] [info] 'vaslat_l': Parameter update for the damped-model: minimum_activation was 0.01 but is now 0.01
[2021-01-11 12:48:56.555] [info] 'vasmed_l': Parameter update for the damped-model: minimum_activation was 0.01 but is now 0.01
